Build started 6/26/2018 3:26:18 AM.
     1>Project "C:\tahawork\OOPLabs\OOPPROJECT\main\main\main.vcxproj" on node 2 (build target(s)).
     1>InitializeBuildStatus:
         Touching "Debug\main.unsuccessfulbuild".
       ClCompile:
         All outputs are up-to-date.
         C:\Program Files (x86)\Microsoft Visual Studio 10.0\VC\bin\CL.exe /c /ZI /nologo /W3 /WX- /Od /Oy- /D WIN32 /D _DEBUG /D _CONSOLE /D _UNICODE /D UNICODE /Gm /EHsc /RTC1 /MDd /GS /fp:precise /Zc:wchar_t /Zc:forScope /Fo"Debug\\" /Fd"Debug\vc100.pdb" /Gd /TP /analyze- /errorReport:prompt algorithm.cpp classroom.cpp graph.cpp main.cpp node.cpp room.cpp specialroom.cpp teachersroom.cpp
         teachersroom.cpp
         specialroom.cpp
         room.cpp
         node.cpp
         main.cpp
     1>c:\tahawork\ooplabs\oopproject\main\main\algorithm.cpp(74): error C2065: 'WINT_MAX' : undeclared identifier
         graph.cpp
         classroom.cpp
         algorithm.cpp
     1>c:\tahawork\ooplabs\oopproject\main\main\algorithm.cpp(74): error C2065: 'WINT_MAX' : undeclared identifier
         Generating Code...
     1>c:\tahawork\ooplabs\oopproject\main\main\node.cpp(41): error C4716: 'Node::getroom_code' : must return a value
     1>c:\tahawork\ooplabs\oopproject\main\main\node.cpp(46): error C4716: 'Node::getTeacher_name' : must return a value
     1>c:\tahawork\ooplabs\oopproject\main\main\node.cpp(51): error C4716: 'Node::get_purpose' : must return a value
     1>c:\tahawork\ooplabs\oopproject\main\main\room.cpp(38): error C4716: 'room::getTeacher_name' : must return a value
     1>c:\tahawork\ooplabs\oopproject\main\main\room.cpp(43): error C4716: 'room::get_purpose' : must return a value
     1>c:\tahawork\ooplabs\oopproject\main\main\node.cpp(41): error C4716: 'Node::getroom_code' : must return a value
     1>c:\tahawork\ooplabs\oopproject\main\main\node.cpp(46): error C4716: 'Node::getTeacher_name' : must return a value
     1>c:\tahawork\ooplabs\oopproject\main\main\node.cpp(51): error C4716: 'Node::get_purpose' : must return a value
     1>c:\tahawork\ooplabs\oopproject\main\main\room.cpp(38): error C4716: 'room::getTeacher_name' : must return a value
     1>c:\tahawork\ooplabs\oopproject\main\main\room.cpp(43): error C4716: 'room::get_purpose' : must return a value
     1>c:\tahawork\ooplabs\oopproject\main\main\graph.cpp(298): warning C4715: 'graph::SearchByNum' : not all control paths return a value
     1>c:\tahawork\ooplabs\oopproject\main\main\node.cpp(41): error C4716: 'Node::getroom_code' : must return a value
     1>c:\tahawork\ooplabs\oopproject\main\main\node.cpp(46): error C4716: 'Node::getTeacher_name' : must return a value
     1>c:\tahawork\ooplabs\oopproject\main\main\node.cpp(51): error C4716: 'Node::get_purpose' : must return a value
     1>c:\tahawork\ooplabs\oopproject\main\main\node.cpp(41): error C4716: 'Node::getroom_code' : must return a value
     1>c:\tahawork\ooplabs\oopproject\main\main\node.cpp(46): error C4716: 'Node::getTeacher_name' : must return a value
     1>c:\tahawork\ooplabs\oopproject\main\main\node.cpp(51): error C4716: 'Node::get_purpose' : must return a value
     1>c:\tahawork\ooplabs\oopproject\main\main\room.cpp(38): error C4716: 'room::getTeacher_name' : must return a value
     1>c:\tahawork\ooplabs\oopproject\main\main\room.cpp(43): error C4716: 'room::get_purpose' : must return a value
     1>c:\tahawork\ooplabs\oopproject\main\main\node.cpp(41): error C4716: 'Node::getroom_code' : must return a value
     1>c:\tahawork\ooplabs\oopproject\main\main\node.cpp(46): error C4716: 'Node::getTeacher_name' : must return a value
     1>c:\tahawork\ooplabs\oopproject\main\main\node.cpp(51): error C4716: 'Node::get_purpose' : must return a value
     1>c:\tahawork\ooplabs\oopproject\main\main\room.cpp(38): error C4716: 'room::getTeacher_name' : must return a value
     1>c:\tahawork\ooplabs\oopproject\main\main\room.cpp(43): error C4716: 'room::get_purpose' : must return a value
     1>c:\tahawork\ooplabs\oopproject\main\main\node.cpp(41): error C4716: 'Node::getroom_code' : must return a value
     1>c:\tahawork\ooplabs\oopproject\main\main\node.cpp(46): error C4716: 'Node::getTeacher_name' : must return a value
     1>c:\tahawork\ooplabs\oopproject\main\main\node.cpp(51): error C4716: 'Node::get_purpose' : must return a value
     1>c:\tahawork\ooplabs\oopproject\main\main\room.cpp(38): error C4716: 'room::getTeacher_name' : must return a value
     1>c:\tahawork\ooplabs\oopproject\main\main\room.cpp(43): error C4716: 'room::get_purpose' : must return a value
     1>Done Building Project "C:\tahawork\OOPLabs\OOPPROJECT\main\main\main.vcxproj" (build target(s)) -- FAILED.

Build FAILED.

Time Elapsed 00:00:03.06
