Build started 4/25/2018 8:03:14 AM.
     1>Project "E:\taha work\OOP Labs\OOP new work\practice\polygonwala\polygonwala\polygonwala.vcxproj" on node 2 (build target(s)).
     1>InitializeBuildStatus:
         Creating "Debug\polygonwala.unsuccessfulbuild" because "AlwaysCreate" was specified.
       ClCompile:
         E:\taha\VC\bin\CL.exe /c /ZI /nologo /W3 /WX- /Od /Oy- /D WIN32 /D _DEBUG /D _CONSOLE /D _UNICODE /D UNICODE /Gm /EHsc /RTC1 /MDd /GS /fp:precise /Zc:wchar_t /Zc:forScope /Yc"StdAfx.h" /Fp"Debug\polygonwala.pch" /Fo"Debug\\" /Fd"Debug\vc100.pdb" /Gd /TP /analyze- /errorReport:prompt stdafx.cpp
         stdafx.cpp
         E:\taha\VC\bin\CL.exe /c /ZI /nologo /W3 /WX- /Od /Oy- /D WIN32 /D _DEBUG /D _CONSOLE /D _UNICODE /D UNICODE /Gm /EHsc /RTC1 /MDd /GS /fp:precise /Zc:wchar_t /Zc:forScope /Yu"StdAfx.h" /Fp"Debug\polygonwala.pch" /Fo"Debug\\" /Fd"Debug\vc100.pdb" /Gd /TP /analyze- /errorReport:prompt polygonwala.cpp
         polygonwala.cpp
       ManifestResourceCompile:
         C:\Program Files (x86)\Microsoft SDKs\Windows\v7.0A\bin\rc.exe /nologo /fo"Debug\polygonwala.exe.embed.manifest.res" Debug\polygonwala_manifest.rc 
       Link:
         E:\taha\VC\bin\link.exe /ERRORREPORT:PROMPT /OUT:"E:\taha work\OOP Labs\OOP new work\practice\polygonwala\Debug\polygonwala.exe" /INCREMENTAL /NOLOGO kernel32.lib user32.lib gdi32.lib winspool.lib comdlg32.lib advapi32.lib shell32.lib ole32.lib oleaut32.lib uuid.lib odbc32.lib odbccp32.lib /MANIFEST /ManifestFile:"Debug\polygonwala.exe.intermediate.manifest" /MANIFESTUAC:"level='asInvoker' uiAccess='false'" /DEBUG /PDB:"E:\taha work\OOP Labs\OOP new work\practice\polygonwala\Debug\polygonwala.pdb" /SUBSYSTEM:CONSOLE /TLBID:1 /DYNAMICBASE /NXCOMPAT /IMPLIB:"E:\taha work\OOP Labs\OOP new work\practice\polygonwala\Debug\polygonwala.lib" /MACHINE:X86 Debug\polygonwala.exe.embed.manifest.res
         Debug\polygonwala.obj
         Debug\stdafx.obj
         LINK : E:\taha work\OOP Labs\OOP new work\practice\polygonwala\Debug\polygonwala.exe not found or not built by the last incremental link; performing full link
       Manifest:
         C:\Program Files (x86)\Microsoft SDKs\Windows\v7.0A\bin\mt.exe /nologo /verbose /out:"Debug\polygonwala.exe.embed.manifest" /manifest Debug\polygonwala.exe.intermediate.manifest
         All outputs are up-to-date.
       LinkEmbedManifest:
         All outputs are up-to-date.
         polygonwala.vcxproj -> E:\taha work\OOP Labs\OOP new work\practice\polygonwala\Debug\polygonwala.exe
       FinalizeBuildStatus:
         Deleting file "Debug\polygonwala.unsuccessfulbuild".
         Touching "Debug\polygonwala.lastbuildstate".
     1>Done Building Project "E:\taha work\OOP Labs\OOP new work\practice\polygonwala\polygonwala\polygonwala.vcxproj" (build target(s)).

Build succeeded.

Time Elapsed 00:00:04.61
