Build started 6/26/2018 2:34:38 AM.
     1>Project "C:\tahawork\OOPLabs\OOPPROJECT\main - Copy\main\main.vcxproj" on node 2 (build target(s)).
     1>InitializeBuildStatus:
         Touching "Debug\main.unsuccessfulbuild".
       ClCompile:
         All outputs are up-to-date.
         C:\Program Files (x86)\Microsoft Visual Studio 10.0\VC\bin\CL.exe /c /ZI /nologo /W3 /WX- /Od /Oy- /D WIN32 /D _DEBUG /D _CONSOLE /D _UNICODE /D UNICODE /Gm /EHsc /RTC1 /MDd /GS /fp:precise /Zc:wchar_t /Zc:forScope /Fo"Debug\\" /Fd"Debug\vc100.pdb" /Gd /TP /analyze- /errorReport:prompt algorithm.cpp classroom.cpp graph.cpp main.cpp node.cpp room.cpp specialroom.cpp teachersroom.cpp
         teachersroom.cpp
         specialroom.cpp
         room.cpp
         node.cpp
         main.cpp
     1>c:\tahawork\ooplabs\oopproject\main - copy\main\stairs.cpp(5): error C2084: function 'stairs::stairs(void)' already has a body
                 c:\tahawork\ooplabs\oopproject\main - copy\main\stairs.h(12) : see previous definition of '{ctor}'
     1>c:\tahawork\ooplabs\oopproject\main - copy\main\stairs.cpp(10): error C2084: function 'stairs::stairs(std::string,int,int)' already has a body
                 c:\tahawork\ooplabs\oopproject\main - copy\main\stairs.h(14) : see previous definition of '{ctor}'
     1>c:\tahawork\ooplabs\oopproject\main - copy\main\stairs.cpp(15): error C2084: function 'stairs::stairs(stairs &)' already has a body
                 c:\tahawork\ooplabs\oopproject\main - copy\main\stairs.h(16) : see previous definition of '{ctor}'
     1>c:\tahawork\ooplabs\oopproject\main - copy\main\stairs.cpp(21): error C2084: function 'stairs::~stairs(void)' already has a body
                 c:\tahawork\ooplabs\oopproject\main - copy\main\stairs.h(18) : see previous definition of '{dtor}'
     1>c:\tahawork\ooplabs\oopproject\main - copy\main\stairs.cpp(26): error C2084: function 'void stairs::display(void)' already has a body
                 c:\tahawork\ooplabs\oopproject\main - copy\main\stairs.h(20) : see previous definition of 'display'
     1>c:\tahawork\ooplabs\oopproject\main - copy\main\stairs.cpp(31): error C2084: function 'std::istream &stairs::fileInput(std::istream &)' already has a body
                 c:\tahawork\ooplabs\oopproject\main - copy\main\stairs.h(22) : see previous definition of 'fileInput'
     1>c:\tahawork\ooplabs\oopproject\main - copy\main\stairs.cpp(37): error C2084: function 'std::ostream &operator <<(std::ostream &,stairs &)' already has a body
                 c:\tahawork\ooplabs\oopproject\main - copy\main\stairs.h(24) : see previous definition of '<<'
     1>c:\tahawork\ooplabs\oopproject\main - copy\main\stairs.cpp(42): error C2084: function 'std::istream &operator >>(std::istream &,stairs *)' already has a body
                 c:\tahawork\ooplabs\oopproject\main - copy\main\stairs.h(26) : see previous definition of '>>'
     1>c:\tahawork\ooplabs\oopproject\main - copy\main\stairs.cpp(5): error C2084: function 'stairs::stairs(void)' already has a body
                 c:\tahawork\ooplabs\oopproject\main - copy\main\stairs.h(12) : see previous definition of '{ctor}'
     1>c:\tahawork\ooplabs\oopproject\main - copy\main\stairs.cpp(10): error C2084: function 'stairs::stairs(std::string,int,int)' already has a body
                 c:\tahawork\ooplabs\oopproject\main - copy\main\stairs.h(14) : see previous definition of '{ctor}'
     1>c:\tahawork\ooplabs\oopproject\main - copy\main\stairs.cpp(15): error C2084: function 'stairs::stairs(stairs &)' already has a body
                 c:\tahawork\ooplabs\oopproject\main - copy\main\stairs.h(16) : see previous definition of '{ctor}'
     1>c:\tahawork\ooplabs\oopproject\main - copy\main\stairs.cpp(21): error C2084: function 'stairs::~stairs(void)' already has a body
                 c:\tahawork\ooplabs\oopproject\main - copy\main\stairs.h(18) : see previous definition of '{dtor}'
     1>c:\tahawork\ooplabs\oopproject\main - copy\main\stairs.cpp(26): error C2084: function 'void stairs::display(void)' already has a body
                 c:\tahawork\ooplabs\oopproject\main - copy\main\stairs.h(20) : see previous definition of 'display'
     1>c:\tahawork\ooplabs\oopproject\main - copy\main\stairs.cpp(27): error C2264: 'operator <<' : error in function definition or declaration; function not called
     1>c:\tahawork\ooplabs\oopproject\main - copy\main\stairs.cpp(27): error C2088: '<<' : illegal for class
     1>c:\tahawork\ooplabs\oopproject\main - copy\main\stairs.cpp(31): error C2084: function 'std::istream &stairs::fileInput(std::istream &)' already has a body
                 c:\tahawork\ooplabs\oopproject\main - copy\main\stairs.h(22) : see previous definition of 'fileInput'
     1>c:\tahawork\ooplabs\oopproject\main - copy\main\stairs.cpp(5): error C2084: function 'stairs::stairs(void)' already has a body
                 c:\tahawork\ooplabs\oopproject\main - copy\main\stairs.h(12) : see previous definition of '{ctor}'
     1>c:\tahawork\ooplabs\oopproject\main - copy\main\stairs.cpp(10): error C2084: function 'stairs::stairs(std::string,int,int)' already has a body
                 c:\tahawork\ooplabs\oopproject\main - copy\main\stairs.h(14) : see previous definition of '{ctor}'
     1>c:\tahawork\ooplabs\oopproject\main - copy\main\stairs.cpp(15): error C2084: function 'stairs::stairs(stairs &)' already has a body
                 c:\tahawork\ooplabs\oopproject\main - copy\main\stairs.h(16) : see previous definition of '{ctor}'
     1>c:\tahawork\ooplabs\oopproject\main - copy\main\stairs.cpp(21): error C2084: function 'stairs::~stairs(void)' already has a body
                 c:\tahawork\ooplabs\oopproject\main - copy\main\stairs.h(18) : see previous definition of '{dtor}'
     1>c:\tahawork\ooplabs\oopproject\main - copy\main\stairs.cpp(26): error C2084: function 'void stairs::display(void)' already has a body
                 c:\tahawork\ooplabs\oopproject\main - copy\main\stairs.h(20) : see previous definition of 'display'
     1>c:\tahawork\ooplabs\oopproject\main - copy\main\stairs.cpp(27): error C2264: 'operator <<' : error in function definition or declaration; function not called
     1>c:\tahawork\ooplabs\oopproject\main - copy\main\stairs.cpp(27): error C2088: '<<' : illegal for class
     1>c:\tahawork\ooplabs\oopproject\main - copy\main\stairs.cpp(31): error C2084: function 'std::istream &stairs::fileInput(std::istream &)' already has a body
                 c:\tahawork\ooplabs\oopproject\main - copy\main\stairs.h(22) : see previous definition of 'fileInput'
     1>c:\tahawork\ooplabs\oopproject\main - copy\main\stairs.cpp(5): error C2084: function 'stairs::stairs(void)' already has a body
                 c:\tahawork\ooplabs\oopproject\main - copy\main\stairs.h(12) : see previous definition of '{ctor}'
     1>c:\tahawork\ooplabs\oopproject\main - copy\main\stairs.cpp(10): error C2084: function 'stairs::stairs(std::string,int,int)' already has a body
                 c:\tahawork\ooplabs\oopproject\main - copy\main\stairs.h(14) : see previous definition of '{ctor}'
     1>c:\tahawork\ooplabs\oopproject\main - copy\main\stairs.cpp(15): error C2084: function 'stairs::stairs(stairs &)' already has a body
                 c:\tahawork\ooplabs\oopproject\main - copy\main\stairs.h(16) : see previous definition of '{ctor}'
     1>c:\tahawork\ooplabs\oopproject\main - copy\main\stairs.cpp(21): error C2084: function 'stairs::~stairs(void)' already has a body
                 c:\tahawork\ooplabs\oopproject\main - copy\main\stairs.h(18) : see previous definition of '{dtor}'
     1>c:\tahawork\ooplabs\oopproject\main - copy\main\stairs.cpp(26): error C2084: function 'void stairs::display(void)' already has a body
                 c:\tahawork\ooplabs\oopproject\main - copy\main\stairs.h(20) : see previous definition of 'display'
     1>c:\tahawork\ooplabs\oopproject\main - copy\main\stairs.cpp(27): error C2264: 'operator <<' : error in function definition or declaration; function not called
     1>c:\tahawork\ooplabs\oopproject\main - copy\main\stairs.cpp(27): error C2088: '<<' : illegal for class
     1>c:\tahawork\ooplabs\oopproject\main - copy\main\stairs.cpp(31): error C2084: function 'std::istream &stairs::fileInput(std::istream &)' already has a body
                 c:\tahawork\ooplabs\oopproject\main - copy\main\stairs.h(22) : see previous definition of 'fileInput'
     1>c:\tahawork\ooplabs\oopproject\main - copy\main\stairs.cpp(5): error C2084: function 'stairs::stairs(void)' already has a body
                 c:\tahawork\ooplabs\oopproject\main - copy\main\stairs.h(12) : see previous definition of '{ctor}'
     1>c:\tahawork\ooplabs\oopproject\main - copy\main\stairs.cpp(10): error C2084: function 'stairs::stairs(std::string,int,int)' already has a body
                 c:\tahawork\ooplabs\oopproject\main - copy\main\stairs.h(14) : see previous definition of '{ctor}'
     1>c:\tahawork\ooplabs\oopproject\main - copy\main\stairs.cpp(15): error C2084: function 'stairs::stairs(stairs &)' already has a body
                 c:\tahawork\ooplabs\oopproject\main - copy\main\stairs.h(16) : see previous definition of '{ctor}'
     1>c:\tahawork\ooplabs\oopproject\main - copy\main\stairs.cpp(21): error C2084: function 'stairs::~stairs(void)' already has a body
                 c:\tahawork\ooplabs\oopproject\main - copy\main\stairs.h(18) : see previous definition of '{dtor}'
     1>c:\tahawork\ooplabs\oopproject\main - copy\main\stairs.cpp(26): error C2084: function 'void stairs::display(void)' already has a body
                 c:\tahawork\ooplabs\oopproject\main - copy\main\stairs.h(20) : see previous definition of 'display'
     1>c:\tahawork\ooplabs\oopproject\main - copy\main\stairs.cpp(27): error C2264: 'operator <<' : error in function definition or declaration; function not called
     1>c:\tahawork\ooplabs\oopproject\main - copy\main\stairs.cpp(27): error C2088: '<<' : illegal for class
     1>c:\tahawork\ooplabs\oopproject\main - copy\main\stairs.cpp(31): error C2084: function 'std::istream &stairs::fileInput(std::istream &)' already has a body
                 c:\tahawork\ooplabs\oopproject\main - copy\main\stairs.h(22) : see previous definition of 'fileInput'
     1>c:\tahawork\ooplabs\oopproject\main - copy\main\stairs.cpp(5): error C2084: function 'stairs::stairs(void)' already has a body
                 c:\tahawork\ooplabs\oopproject\main - copy\main\stairs.h(12) : see previous definition of '{ctor}'
     1>c:\tahawork\ooplabs\oopproject\main - copy\main\stairs.cpp(10): error C2084: function 'stairs::stairs(std::string,int,int)' already has a body
                 c:\tahawork\ooplabs\oopproject\main - copy\main\stairs.h(14) : see previous definition of '{ctor}'
     1>c:\tahawork\ooplabs\oopproject\main - copy\main\stairs.cpp(15): error C2084: function 'stairs::stairs(stairs &)' already has a body
                 c:\tahawork\ooplabs\oopproject\main - copy\main\stairs.h(16) : see previous definition of '{ctor}'
     1>c:\tahawork\ooplabs\oopproject\main - copy\main\stairs.cpp(21): error C2084: function 'stairs::~stairs(void)' already has a body
                 c:\tahawork\ooplabs\oopproject\main - copy\main\stairs.h(18) : see previous definition of '{dtor}'
     1>c:\tahawork\ooplabs\oopproject\main - copy\main\stairs.cpp(26): error C2084: function 'void stairs::display(void)' already has a body
                 c:\tahawork\ooplabs\oopproject\main - copy\main\stairs.h(20) : see previous definition of 'display'
     1>c:\tahawork\ooplabs\oopproject\main - copy\main\stairs.cpp(27): error C2264: 'operator <<' : error in function definition or declaration; function not called
     1>c:\tahawork\ooplabs\oopproject\main - copy\main\stairs.cpp(27): error C2088: '<<' : illegal for class
     1>c:\tahawork\ooplabs\oopproject\main - copy\main\stairs.cpp(31): error C2084: function 'std::istream &stairs::fileInput(std::istream &)' already has a body
                 c:\tahawork\ooplabs\oopproject\main - copy\main\stairs.h(22) : see previous definition of 'fileInput'
     1>c:\tahawork\ooplabs\oopproject\main - copy\main\stairs.cpp(5): error C2084: function 'stairs::stairs(void)' already has a body
                 c:\tahawork\ooplabs\oopproject\main - copy\main\stairs.h(12) : see previous definition of '{ctor}'
     1>c:\tahawork\ooplabs\oopproject\main - copy\main\stairs.cpp(10): error C2084: function 'stairs::stairs(std::string,int,int)' already has a body
                 c:\tahawork\ooplabs\oopproject\main - copy\main\stairs.h(14) : see previous definition of '{ctor}'
     1>c:\tahawork\ooplabs\oopproject\main - copy\main\stairs.cpp(15): error C2084: function 'stairs::stairs(stairs &)' already has a body
                 c:\tahawork\ooplabs\oopproject\main - copy\main\stairs.h(16) : see previous definition of '{ctor}'
     1>c:\tahawork\ooplabs\oopproject\main - copy\main\stairs.cpp(21): error C2084: function 'stairs::~stairs(void)' already has a body
                 c:\tahawork\ooplabs\oopproject\main - copy\main\stairs.h(18) : see previous definition of '{dtor}'
     1>c:\tahawork\ooplabs\oopproject\main - copy\main\stairs.cpp(26): error C2084: function 'void stairs::display(void)' already has a body
                 c:\tahawork\ooplabs\oopproject\main - copy\main\stairs.h(20) : see previous definition of 'display'
     1>c:\tahawork\ooplabs\oopproject\main - copy\main\stairs.cpp(27): error C2264: 'operator <<' : error in function definition or declaration; function not called
     1>c:\tahawork\ooplabs\oopproject\main - copy\main\stairs.cpp(27): error C2088: '<<' : illegal for class
     1>c:\tahawork\ooplabs\oopproject\main - copy\main\stairs.cpp(31): error C2084: function 'std::istream &stairs::fileInput(std::istream &)' already has a body
                 c:\tahawork\ooplabs\oopproject\main - copy\main\stairs.h(22) : see previous definition of 'fileInput'
     1>c:\tahawork\ooplabs\oopproject\main - copy\main\stairs.cpp(5): error C2084: function 'stairs::stairs(void)' already has a body
                 c:\tahawork\ooplabs\oopproject\main - copy\main\stairs.h(12) : see previous definition of '{ctor}'
     1>c:\tahawork\ooplabs\oopproject\main - copy\main\stairs.cpp(10): error C2084: function 'stairs::stairs(std::string,int,int)' already has a body
                 c:\tahawork\ooplabs\oopproject\main - copy\main\stairs.h(14) : see previous definition of '{ctor}'
     1>c:\tahawork\ooplabs\oopproject\main - copy\main\stairs.cpp(15): error C2084: function 'stairs::stairs(stairs &)' already has a body
                 c:\tahawork\ooplabs\oopproject\main - copy\main\stairs.h(16) : see previous definition of '{ctor}'
     1>c:\tahawork\ooplabs\oopproject\main - copy\main\stairs.cpp(21): error C2084: function 'stairs::~stairs(void)' already has a body
                 c:\tahawork\ooplabs\oopproject\main - copy\main\stairs.h(18) : see previous definition of '{dtor}'
     1>c:\tahawork\ooplabs\oopproject\main - copy\main\stairs.cpp(26): error C2084: function 'void stairs::display(void)' already has a body
                 c:\tahawork\ooplabs\oopproject\main - copy\main\stairs.h(20) : see previous definition of 'display'
     1>c:\tahawork\ooplabs\oopproject\main - copy\main\stairs.cpp(27): error C2264: 'operator <<' : error in function definition or declaration; function not called
     1>c:\tahawork\ooplabs\oopproject\main - copy\main\stairs.cpp(27): error C2088: '<<' : illegal for class
     1>c:\tahawork\ooplabs\oopproject\main - copy\main\stairs.cpp(31): error C2084: function 'std::istream &stairs::fileInput(std::istream &)' already has a body
                 c:\tahawork\ooplabs\oopproject\main - copy\main\stairs.h(22) : see previous definition of 'fileInput'
     1>c:\tahawork\ooplabs\oopproject\main - copy\main\stairs.cpp(5): error C2084: function 'stairs::stairs(void)' already has a body
                 c:\tahawork\ooplabs\oopproject\main - copy\main\stairs.h(12) : see previous definition of '{ctor}'
     1>c:\tahawork\ooplabs\oopproject\main - copy\main\stairs.cpp(10): error C2084: function 'stairs::stairs(std::string,int,int)' already has a body
                 c:\tahawork\ooplabs\oopproject\main - copy\main\stairs.h(14) : see previous definition of '{ctor}'
     1>c:\tahawork\ooplabs\oopproject\main - copy\main\stairs.cpp(15): error C2084: function 'stairs::stairs(stairs &)' already has a body
                 c:\tahawork\ooplabs\oopproject\main - copy\main\stairs.h(16) : see previous definition of '{ctor}'
     1>c:\tahawork\ooplabs\oopproject\main - copy\main\stairs.cpp(21): error C2084: function 'stairs::~stairs(void)' already has a body
                 c:\tahawork\ooplabs\oopproject\main - copy\main\stairs.h(18) : see previous definition of '{dtor}'
     1>c:\tahawork\ooplabs\oopproject\main - copy\main\stairs.cpp(26): error C2084: function 'void stairs::display(void)' already has a body
                 c:\tahawork\ooplabs\oopproject\main - copy\main\stairs.h(20) : see previous definition of 'display'
     1>c:\tahawork\ooplabs\oopproject\main - copy\main\stairs.cpp(27): error C2264: 'operator <<' : error in function definition or declaration; function not called
     1>c:\tahawork\ooplabs\oopproject\main - copy\main\stairs.cpp(27): error C2088: '<<' : illegal for class
     1>c:\tahawork\ooplabs\oopproject\main - copy\main\stairs.cpp(31): error C2084: function 'std::istream &stairs::fileInput(std::istream &)' already has a body
                 c:\tahawork\ooplabs\oopproject\main - copy\main\stairs.h(22) : see previous definition of 'fileInput'
     1>c:\tahawork\ooplabs\oopproject\main - copy\main\stairs.cpp(5): error C2084: function 'stairs::stairs(void)' already has a body
                 c:\tahawork\ooplabs\oopproject\main - copy\main\stairs.h(12) : see previous definition of '{ctor}'
     1>c:\tahawork\ooplabs\oopproject\main - copy\main\stairs.cpp(10): error C2084: function 'stairs::stairs(std::string,int,int)' already has a body
                 c:\tahawork\ooplabs\oopproject\main - copy\main\stairs.h(14) : see previous definition of '{ctor}'
     1>c:\tahawork\ooplabs\oopproject\main - copy\main\stairs.cpp(15): error C2084: function 'stairs::stairs(stairs &)' already has a body
                 c:\tahawork\ooplabs\oopproject\main - copy\main\stairs.h(16) : see previous definition of '{ctor}'
     1>c:\tahawork\ooplabs\oopproject\main - copy\main\stairs.cpp(21): error C2084: function 'stairs::~stairs(void)' already has a body
                 c:\tahawork\ooplabs\oopproject\main - copy\main\stairs.h(18) : see previous definition of '{dtor}'
     1>c:\tahawork\ooplabs\oopproject\main - copy\main\stairs.cpp(26): error C2084: function 'void stairs::display(void)' already has a body
                 c:\tahawork\ooplabs\oopproject\main - copy\main\stairs.h(20) : see previous definition of 'display'
     1>c:\tahawork\ooplabs\oopproject\main - copy\main\stairs.cpp(27): error C2264: 'operator <<' : error in function definition or declaration; function not called
     1>c:\tahawork\ooplabs\oopproject\main - copy\main\stairs.cpp(27): error C2088: '<<' : illegal for class
     1>c:\tahawork\ooplabs\oopproject\main - copy\main\stairs.cpp(31): error C2084: function 'std::istream &stairs::fileInput(std::istream &)' already has a body
                 c:\tahawork\ooplabs\oopproject\main - copy\main\stairs.h(22) : see previous definition of 'fileInput'
     1>c:\tahawork\ooplabs\oopproject\main - copy\main\stairs.cpp(5): error C2084: function 'stairs::stairs(void)' already has a body
                 c:\tahawork\ooplabs\oopproject\main - copy\main\stairs.h(12) : see previous definition of '{ctor}'
     1>c:\tahawork\ooplabs\oopproject\main - copy\main\stairs.cpp(10): error C2084: function 'stairs::stairs(std::string,int,int)' already has a body
                 c:\tahawork\ooplabs\oopproject\main - copy\main\stairs.h(14) : see previous definition of '{ctor}'
     1>c:\tahawork\ooplabs\oopproject\main - copy\main\stairs.cpp(15): error C2084: function 'stairs::stairs(stairs &)' already has a body
                 c:\tahawork\ooplabs\oopproject\main - copy\main\stairs.h(16) : see previous definition of '{ctor}'
     1>c:\tahawork\ooplabs\oopproject\main - copy\main\stairs.cpp(21): error C2084: function 'stairs::~stairs(void)' already has a body
                 c:\tahawork\ooplabs\oopproject\main - copy\main\stairs.h(18) : see previous definition of '{dtor}'
     1>c:\tahawork\ooplabs\oopproject\main - copy\main\stairs.cpp(26): error C2084: function 'void stairs::display(void)' already has a body
                 c:\tahawork\ooplabs\oopproject\main - copy\main\stairs.h(20) : see previous definition of 'display'
     1>c:\tahawork\ooplabs\oopproject\main - copy\main\stairs.cpp(27): error C2264: 'operator <<' : error in function definition or declaration; function not called
     1>c:\tahawork\ooplabs\oopproject\main - copy\main\stairs.cpp(27): error C2088: '<<' : illegal for class
     1>c:\tahawork\ooplabs\oopproject\main - copy\main\stairs.cpp(31): error C2084: function 'std::istream &stairs::fileInput(std::istream &)' already has a body
                 c:\tahawork\ooplabs\oopproject\main - copy\main\stairs.h(22) : see previous definition of 'fileInput'
     1>c:\tahawork\ooplabs\oopproject\main - copy\main\stairs.cpp(5): error C2084: function 'stairs::stairs(void)' already has a body
                 c:\tahawork\ooplabs\oopproject\main - copy\main\stairs.h(12) : see previous definition of '{ctor}'
     1>c:\tahawork\ooplabs\oopproject\main - copy\main\stairs.cpp(10): error C2084: function 'stairs::stairs(std::string,int,int)' already has a body
                 c:\tahawork\ooplabs\oopproject\main - copy\main\stairs.h(14) : see previous definition of '{ctor}'
     1>c:\tahawork\ooplabs\oopproject\main - copy\main\stairs.cpp(15): error C2084: function 'stairs::stairs(stairs &)' already has a body
                 c:\tahawork\ooplabs\oopproject\main - copy\main\stairs.h(16) : see previous definition of '{ctor}'
     1>c:\tahawork\ooplabs\oopproject\main - copy\main\stairs.cpp(21): error C2084: function 'stairs::~stairs(void)' already has a body
                 c:\tahawork\ooplabs\oopproject\main - copy\main\stairs.h(18) : see previous definition of '{dtor}'
     1>c:\tahawork\ooplabs\oopproject\main - copy\main\stairs.cpp(26): error C2084: function 'void stairs::display(void)' already has a body
                 c:\tahawork\ooplabs\oopproject\main - copy\main\stairs.h(20) : see previous definition of 'display'
     1>c:\tahawork\ooplabs\oopproject\main - copy\main\stairs.cpp(27): error C2264: 'operator <<' : error in function definition or declaration; function not called
     1>c:\tahawork\ooplabs\oopproject\main - copy\main\stairs.cpp(27): error C2088: '<<' : illegal for class
     1>c:\tahawork\ooplabs\oopproject\main - copy\main\stairs.cpp(31): error C2084: function 'std::istream &stairs::fileInput(std::istream &)' already has a body
                 c:\tahawork\ooplabs\oopproject\main - copy\main\stairs.h(22) : see previous definition of 'fileInput'
     1>c:\tahawork\ooplabs\oopproject\main - copy\main\stairs.cpp(5): error C2084: function 'stairs::stairs(void)' already has a body
                 c:\tahawork\ooplabs\oopproject\main - copy\main\stairs.h(12) : see previous definition of '{ctor}'
     1>c:\tahawork\ooplabs\oopproject\main - copy\main\stairs.cpp(10): error C2084: function 'stairs::stairs(std::string,int,int)' already has a body
                 c:\tahawork\ooplabs\oopproject\main - copy\main\stairs.h(14) : see previous definition of '{ctor}'
     1>c:\tahawork\ooplabs\oopproject\main - copy\main\stairs.cpp(15): error C2084: function 'stairs::stairs(stairs &)' already has a body
                 c:\tahawork\ooplabs\oopproject\main - copy\main\stairs.h(16) : see previous definition of '{ctor}'
     1>c:\tahawork\ooplabs\oopproject\main - copy\main\stairs.cpp(21): error C2084: function 'stairs::~stairs(void)' already has a body
                 c:\tahawork\ooplabs\oopproject\main - copy\main\stairs.h(18) : see previous definition of '{dtor}'
     1>c:\tahawork\ooplabs\oopproject\main - copy\main\stairs.cpp(26): error C2084: function 'void stairs::display(void)' already has a body
                 c:\tahawork\ooplabs\oopproject\main - copy\main\stairs.h(20) : see previous definition of 'display'
     1>c:\tahawork\ooplabs\oopproject\main - copy\main\stairs.cpp(26): fatal error C1003: error count exceeds 100; stopping compilation
         graph.cpp
     1>c:\tahawork\ooplabs\oopproject\main - copy\main\stairs.cpp(5): error C2084: function 'stairs::stairs(void)' already has a body
                 c:\tahawork\ooplabs\oopproject\main - copy\main\stairs.h(12) : see previous definition of '{ctor}'
     1>c:\tahawork\ooplabs\oopproject\main - copy\main\stairs.cpp(10): error C2084: function 'stairs::stairs(std::string,int,int)' already has a body
                 c:\tahawork\ooplabs\oopproject\main - copy\main\stairs.h(14) : see previous definition of '{ctor}'
     1>c:\tahawork\ooplabs\oopproject\main - copy\main\stairs.cpp(15): error C2084: function 'stairs::stairs(stairs &)' already has a body
                 c:\tahawork\ooplabs\oopproject\main - copy\main\stairs.h(16) : see previous definition of '{ctor}'
     1>c:\tahawork\ooplabs\oopproject\main - copy\main\stairs.cpp(21): error C2084: function 'stairs::~stairs(void)' already has a body
                 c:\tahawork\ooplabs\oopproject\main - copy\main\stairs.h(18) : see previous definition of '{dtor}'
     1>c:\tahawork\ooplabs\oopproject\main - copy\main\stairs.cpp(26): error C2084: function 'void stairs::display(void)' already has a body
                 c:\tahawork\ooplabs\oopproject\main - copy\main\stairs.h(20) : see previous definition of 'display'
     1>c:\tahawork\ooplabs\oopproject\main - copy\main\stairs.cpp(31): error C2084: function 'std::istream &stairs::fileInput(std::istream &)' already has a body
                 c:\tahawork\ooplabs\oopproject\main - copy\main\stairs.h(22) : see previous definition of 'fileInput'
     1>c:\tahawork\ooplabs\oopproject\main - copy\main\stairs.cpp(37): error C2084: function 'std::ostream &operator <<(std::ostream &,stairs &)' already has a body
                 c:\tahawork\ooplabs\oopproject\main - copy\main\stairs.h(24) : see previous definition of '<<'
     1>c:\tahawork\ooplabs\oopproject\main - copy\main\stairs.cpp(42): error C2084: function 'std::istream &operator >>(std::istream &,stairs *)' already has a body
                 c:\tahawork\ooplabs\oopproject\main - copy\main\stairs.h(26) : see previous definition of '>>'
     1>c:\tahawork\ooplabs\oopproject\main - copy\main\stairs.cpp(5): error C2084: function 'stairs::stairs(void)' already has a body
                 c:\tahawork\ooplabs\oopproject\main - copy\main\stairs.h(12) : see previous definition of '{ctor}'
     1>c:\tahawork\ooplabs\oopproject\main - copy\main\stairs.cpp(10): error C2084: function 'stairs::stairs(std::string,int,int)' already has a body
                 c:\tahawork\ooplabs\oopproject\main - copy\main\stairs.h(14) : see previous definition of '{ctor}'
     1>c:\tahawork\ooplabs\oopproject\main - copy\main\stairs.cpp(15): error C2084: function 'stairs::stairs(stairs &)' already has a body
                 c:\tahawork\ooplabs\oopproject\main - copy\main\stairs.h(16) : see previous definition of '{ctor}'
     1>c:\tahawork\ooplabs\oopproject\main - copy\main\stairs.cpp(21): error C2084: function 'stairs::~stairs(void)' already has a body
                 c:\tahawork\ooplabs\oopproject\main - copy\main\stairs.h(18) : see previous definition of '{dtor}'
     1>c:\tahawork\ooplabs\oopproject\main - copy\main\stairs.cpp(26): error C2084: function 'void stairs::display(void)' already has a body
                 c:\tahawork\ooplabs\oopproject\main - copy\main\stairs.h(20) : see previous definition of 'display'
     1>c:\tahawork\ooplabs\oopproject\main - copy\main\stairs.cpp(27): error C2264: 'operator <<' : error in function definition or declaration; function not called
     1>c:\tahawork\ooplabs\oopproject\main - copy\main\stairs.cpp(27): error C2088: '<<' : illegal for class
     1>c:\tahawork\ooplabs\oopproject\main - copy\main\stairs.cpp(31): error C2084: function 'std::istream &stairs::fileInput(std::istream &)' already has a body
                 c:\tahawork\ooplabs\oopproject\main - copy\main\stairs.h(22) : see previous definition of 'fileInput'
     1>c:\tahawork\ooplabs\oopproject\main - copy\main\stairs.cpp(5): error C2084: function 'stairs::stairs(void)' already has a body
                 c:\tahawork\ooplabs\oopproject\main - copy\main\stairs.h(12) : see previous definition of '{ctor}'
     1>c:\tahawork\ooplabs\oopproject\main - copy\main\stairs.cpp(10): error C2084: function 'stairs::stairs(std::string,int,int)' already has a body
                 c:\tahawork\ooplabs\oopproject\main - copy\main\stairs.h(14) : see previous definition of '{ctor}'
     1>c:\tahawork\ooplabs\oopproject\main - copy\main\stairs.cpp(15): error C2084: function 'stairs::stairs(stairs &)' already has a body
                 c:\tahawork\ooplabs\oopproject\main - copy\main\stairs.h(16) : see previous definition of '{ctor}'
     1>c:\tahawork\ooplabs\oopproject\main - copy\main\stairs.cpp(21): error C2084: function 'stairs::~stairs(void)' already has a body
                 c:\tahawork\ooplabs\oopproject\main - copy\main\stairs.h(18) : see previous definition of '{dtor}'
     1>c:\tahawork\ooplabs\oopproject\main - copy\main\stairs.cpp(26): error C2084: function 'void stairs::display(void)' already has a body
                 c:\tahawork\ooplabs\oopproject\main - copy\main\stairs.h(20) : see previous definition of 'display'
     1>c:\tahawork\ooplabs\oopproject\main - copy\main\stairs.cpp(27): error C2264: 'operator <<' : error in function definition or declaration; function not called
     1>c:\tahawork\ooplabs\oopproject\main - copy\main\stairs.cpp(27): error C2088: '<<' : illegal for class
     1>c:\tahawork\ooplabs\oopproject\main - copy\main\stairs.cpp(31): error C2084: function 'std::istream &stairs::fileInput(std::istream &)' already has a body
                 c:\tahawork\ooplabs\oopproject\main - copy\main\stairs.h(22) : see previous definition of 'fileInput'
     1>c:\tahawork\ooplabs\oopproject\main - copy\main\stairs.cpp(5): error C2084: function 'stairs::stairs(void)' already has a body
                 c:\tahawork\ooplabs\oopproject\main - copy\main\stairs.h(12) : see previous definition of '{ctor}'
     1>c:\tahawork\ooplabs\oopproject\main - copy\main\stairs.cpp(10): error C2084: function 'stairs::stairs(std::string,int,int)' already has a body
                 c:\tahawork\ooplabs\oopproject\main - copy\main\stairs.h(14) : see previous definition of '{ctor}'
     1>c:\tahawork\ooplabs\oopproject\main - copy\main\stairs.cpp(15): error C2084: function 'stairs::stairs(stairs &)' already has a body
                 c:\tahawork\ooplabs\oopproject\main - copy\main\stairs.h(16) : see previous definition of '{ctor}'
     1>c:\tahawork\ooplabs\oopproject\main - copy\main\stairs.cpp(21): error C2084: function 'stairs::~stairs(void)' already has a body
                 c:\tahawork\ooplabs\oopproject\main - copy\main\stairs.h(18) : see previous definition of '{dtor}'
     1>c:\tahawork\ooplabs\oopproject\main - copy\main\stairs.cpp(26): error C2084: function 'void stairs::display(void)' already has a body
                 c:\tahawork\ooplabs\oopproject\main - copy\main\stairs.h(20) : see previous definition of 'display'
     1>c:\tahawork\ooplabs\oopproject\main - copy\main\stairs.cpp(27): error C2264: 'operator <<' : error in function definition or declaration; function not called
     1>c:\tahawork\ooplabs\oopproject\main - copy\main\stairs.cpp(27): error C2088: '<<' : illegal for class
     1>c:\tahawork\ooplabs\oopproject\main - copy\main\stairs.cpp(31): error C2084: function 'std::istream &stairs::fileInput(std::istream &)' already has a body
                 c:\tahawork\ooplabs\oopproject\main - copy\main\stairs.h(22) : see previous definition of 'fileInput'
     1>c:\tahawork\ooplabs\oopproject\main - copy\main\stairs.cpp(5): error C2084: function 'stairs::stairs(void)' already has a body
                 c:\tahawork\ooplabs\oopproject\main - copy\main\stairs.h(12) : see previous definition of '{ctor}'
     1>c:\tahawork\ooplabs\oopproject\main - copy\main\stairs.cpp(10): error C2084: function 'stairs::stairs(std::string,int,int)' already has a body
                 c:\tahawork\ooplabs\oopproject\main - copy\main\stairs.h(14) : see previous definition of '{ctor}'
     1>c:\tahawork\ooplabs\oopproject\main - copy\main\stairs.cpp(15): error C2084: function 'stairs::stairs(stairs &)' already has a body
                 c:\tahawork\ooplabs\oopproject\main - copy\main\stairs.h(16) : see previous definition of '{ctor}'
     1>c:\tahawork\ooplabs\oopproject\main - copy\main\stairs.cpp(21): error C2084: function 'stairs::~stairs(void)' already has a body
                 c:\tahawork\ooplabs\oopproject\main - copy\main\stairs.h(18) : see previous definition of '{dtor}'
     1>c:\tahawork\ooplabs\oopproject\main - copy\main\stairs.cpp(26): error C2084: function 'void stairs::display(void)' already has a body
                 c:\tahawork\ooplabs\oopproject\main - copy\main\stairs.h(20) : see previous definition of 'display'
     1>c:\tahawork\ooplabs\oopproject\main - copy\main\stairs.cpp(27): error C2264: 'operator <<' : error in function definition or declaration; function not called
     1>c:\tahawork\ooplabs\oopproject\main - copy\main\stairs.cpp(27): error C2088: '<<' : illegal for class
     1>c:\tahawork\ooplabs\oopproject\main - copy\main\stairs.cpp(31): error C2084: function 'std::istream &stairs::fileInput(std::istream &)' already has a body
                 c:\tahawork\ooplabs\oopproject\main - copy\main\stairs.h(22) : see previous definition of 'fileInput'
     1>c:\tahawork\ooplabs\oopproject\main - copy\main\stairs.cpp(5): error C2084: function 'stairs::stairs(void)' already has a body
                 c:\tahawork\ooplabs\oopproject\main - copy\main\stairs.h(12) : see previous definition of '{ctor}'
     1>c:\tahawork\ooplabs\oopproject\main - copy\main\stairs.cpp(10): error C2084: function 'stairs::stairs(std::string,int,int)' already has a body
                 c:\tahawork\ooplabs\oopproject\main - copy\main\stairs.h(14) : see previous definition of '{ctor}'
     1>c:\tahawork\ooplabs\oopproject\main - copy\main\stairs.cpp(15): error C2084: function 'stairs::stairs(stairs &)' already has a body
                 c:\tahawork\ooplabs\oopproject\main - copy\main\stairs.h(16) : see previous definition of '{ctor}'
     1>c:\tahawork\ooplabs\oopproject\main - copy\main\stairs.cpp(21): error C2084: function 'stairs::~stairs(void)' already has a body
                 c:\tahawork\ooplabs\oopproject\main - copy\main\stairs.h(18) : see previous definition of '{dtor}'
     1>c:\tahawork\ooplabs\oopproject\main - copy\main\stairs.cpp(26): error C2084: function 'void stairs::display(void)' already has a body
                 c:\tahawork\ooplabs\oopproject\main - copy\main\stairs.h(20) : see previous definition of 'display'
     1>c:\tahawork\ooplabs\oopproject\main - copy\main\stairs.cpp(27): error C2264: 'operator <<' : error in function definition or declaration; function not called
     1>c:\tahawork\ooplabs\oopproject\main - copy\main\stairs.cpp(27): error C2088: '<<' : illegal for class
     1>c:\tahawork\ooplabs\oopproject\main - copy\main\stairs.cpp(31): error C2084: function 'std::istream &stairs::fileInput(std::istream &)' already has a body
                 c:\tahawork\ooplabs\oopproject\main - copy\main\stairs.h(22) : see previous definition of 'fileInput'
     1>c:\tahawork\ooplabs\oopproject\main - copy\main\stairs.cpp(5): error C2084: function 'stairs::stairs(void)' already has a body
                 c:\tahawork\ooplabs\oopproject\main - copy\main\stairs.h(12) : see previous definition of '{ctor}'
     1>c:\tahawork\ooplabs\oopproject\main - copy\main\stairs.cpp(10): error C2084: function 'stairs::stairs(std::string,int,int)' already has a body
                 c:\tahawork\ooplabs\oopproject\main - copy\main\stairs.h(14) : see previous definition of '{ctor}'
     1>c:\tahawork\ooplabs\oopproject\main - copy\main\stairs.cpp(15): error C2084: function 'stairs::stairs(stairs &)' already has a body
                 c:\tahawork\ooplabs\oopproject\main - copy\main\stairs.h(16) : see previous definition of '{ctor}'
     1>c:\tahawork\ooplabs\oopproject\main - copy\main\stairs.cpp(21): error C2084: function 'stairs::~stairs(void)' already has a body
                 c:\tahawork\ooplabs\oopproject\main - copy\main\stairs.h(18) : see previous definition of '{dtor}'
     1>c:\tahawork\ooplabs\oopproject\main - copy\main\stairs.cpp(26): error C2084: function 'void stairs::display(void)' already has a body
                 c:\tahawork\ooplabs\oopproject\main - copy\main\stairs.h(20) : see previous definition of 'display'
     1>c:\tahawork\ooplabs\oopproject\main - copy\main\stairs.cpp(27): error C2264: 'operator <<' : error in function definition or declaration; function not called
     1>c:\tahawork\ooplabs\oopproject\main - copy\main\stairs.cpp(27): error C2088: '<<' : illegal for class
     1>c:\tahawork\ooplabs\oopproject\main - copy\main\stairs.cpp(31): error C2084: function 'std::istream &stairs::fileInput(std::istream &)' already has a body
                 c:\tahawork\ooplabs\oopproject\main - copy\main\stairs.h(22) : see previous definition of 'fileInput'
     1>c:\tahawork\ooplabs\oopproject\main - copy\main\stairs.cpp(5): error C2084: function 'stairs::stairs(void)' already has a body
                 c:\tahawork\ooplabs\oopproject\main - copy\main\stairs.h(12) : see previous definition of '{ctor}'
     1>c:\tahawork\ooplabs\oopproject\main - copy\main\stairs.cpp(10): error C2084: function 'stairs::stairs(std::string,int,int)' already has a body
                 c:\tahawork\ooplabs\oopproject\main - copy\main\stairs.h(14) : see previous definition of '{ctor}'
     1>c:\tahawork\ooplabs\oopproject\main - copy\main\stairs.cpp(15): error C2084: function 'stairs::stairs(stairs &)' already has a body
                 c:\tahawork\ooplabs\oopproject\main - copy\main\stairs.h(16) : see previous definition of '{ctor}'
     1>c:\tahawork\ooplabs\oopproject\main - copy\main\stairs.cpp(21): error C2084: function 'stairs::~stairs(void)' already has a body
                 c:\tahawork\ooplabs\oopproject\main - copy\main\stairs.h(18) : see previous definition of '{dtor}'
     1>c:\tahawork\ooplabs\oopproject\main - copy\main\stairs.cpp(26): error C2084: function 'void stairs::display(void)' already has a body
                 c:\tahawork\ooplabs\oopproject\main - copy\main\stairs.h(20) : see previous definition of 'display'
     1>c:\tahawork\ooplabs\oopproject\main - copy\main\stairs.cpp(27): error C2264: 'operator <<' : error in function definition or declaration; function not called
     1>c:\tahawork\ooplabs\oopproject\main - copy\main\stairs.cpp(27): error C2088: '<<' : illegal for class
     1>c:\tahawork\ooplabs\oopproject\main - copy\main\stairs.cpp(31): error C2084: function 'std::istream &stairs::fileInput(std::istream &)' already has a body
                 c:\tahawork\ooplabs\oopproject\main - copy\main\stairs.h(22) : see previous definition of 'fileInput'
     1>c:\tahawork\ooplabs\oopproject\main - copy\main\stairs.cpp(5): error C2084: function 'stairs::stairs(void)' already has a body
                 c:\tahawork\ooplabs\oopproject\main - copy\main\stairs.h(12) : see previous definition of '{ctor}'
     1>c:\tahawork\ooplabs\oopproject\main - copy\main\stairs.cpp(10): error C2084: function 'stairs::stairs(std::string,int,int)' already has a body
                 c:\tahawork\ooplabs\oopproject\main - copy\main\stairs.h(14) : see previous definition of '{ctor}'
     1>c:\tahawork\ooplabs\oopproject\main - copy\main\stairs.cpp(15): error C2084: function 'stairs::stairs(stairs &)' already has a body
                 c:\tahawork\ooplabs\oopproject\main - copy\main\stairs.h(16) : see previous definition of '{ctor}'
     1>c:\tahawork\ooplabs\oopproject\main - copy\main\stairs.cpp(21): error C2084: function 'stairs::~stairs(void)' already has a body
                 c:\tahawork\ooplabs\oopproject\main - copy\main\stairs.h(18) : see previous definition of '{dtor}'
     1>c:\tahawork\ooplabs\oopproject\main - copy\main\stairs.cpp(26): error C2084: function 'void stairs::display(void)' already has a body
                 c:\tahawork\ooplabs\oopproject\main - copy\main\stairs.h(20) : see previous definition of 'display'
     1>c:\tahawork\ooplabs\oopproject\main - copy\main\stairs.cpp(27): error C2264: 'operator <<' : error in function definition or declaration; function not called
     1>c:\tahawork\ooplabs\oopproject\main - copy\main\stairs.cpp(27): error C2088: '<<' : illegal for class
     1>c:\tahawork\ooplabs\oopproject\main - copy\main\stairs.cpp(31): error C2084: function 'std::istream &stairs::fileInput(std::istream &)' already has a body
                 c:\tahawork\ooplabs\oopproject\main - copy\main\stairs.h(22) : see previous definition of 'fileInput'
     1>c:\tahawork\ooplabs\oopproject\main - copy\main\stairs.cpp(5): error C2084: function 'stairs::stairs(void)' already has a body
                 c:\tahawork\ooplabs\oopproject\main - copy\main\stairs.h(12) : see previous definition of '{ctor}'
     1>c:\tahawork\ooplabs\oopproject\main - copy\main\stairs.cpp(10): error C2084: function 'stairs::stairs(std::string,int,int)' already has a body
                 c:\tahawork\ooplabs\oopproject\main - copy\main\stairs.h(14) : see previous definition of '{ctor}'
     1>c:\tahawork\ooplabs\oopproject\main - copy\main\stairs.cpp(15): error C2084: function 'stairs::stairs(stairs &)' already has a body
                 c:\tahawork\ooplabs\oopproject\main - copy\main\stairs.h(16) : see previous definition of '{ctor}'
     1>c:\tahawork\ooplabs\oopproject\main - copy\main\stairs.cpp(21): error C2084: function 'stairs::~stairs(void)' already has a body
                 c:\tahawork\ooplabs\oopproject\main - copy\main\stairs.h(18) : see previous definition of '{dtor}'
     1>c:\tahawork\ooplabs\oopproject\main - copy\main\stairs.cpp(26): error C2084: function 'void stairs::display(void)' already has a body
                 c:\tahawork\ooplabs\oopproject\main - copy\main\stairs.h(20) : see previous definition of 'display'
     1>c:\tahawork\ooplabs\oopproject\main - copy\main\stairs.cpp(27): error C2264: 'operator <<' : error in function definition or declaration; function not called
     1>c:\tahawork\ooplabs\oopproject\main - copy\main\stairs.cpp(27): error C2088: '<<' : illegal for class
     1>c:\tahawork\ooplabs\oopproject\main - copy\main\stairs.cpp(31): error C2084: function 'std::istream &stairs::fileInput(std::istream &)' already has a body
                 c:\tahawork\ooplabs\oopproject\main - copy\main\stairs.h(22) : see previous definition of 'fileInput'
     1>c:\tahawork\ooplabs\oopproject\main - copy\main\stairs.cpp(5): error C2084: function 'stairs::stairs(void)' already has a body
                 c:\tahawork\ooplabs\oopproject\main - copy\main\stairs.h(12) : see previous definition of '{ctor}'
     1>c:\tahawork\ooplabs\oopproject\main - copy\main\stairs.cpp(10): error C2084: function 'stairs::stairs(std::string,int,int)' already has a body
                 c:\tahawork\ooplabs\oopproject\main - copy\main\stairs.h(14) : see previous definition of '{ctor}'
     1>c:\tahawork\ooplabs\oopproject\main - copy\main\stairs.cpp(15): error C2084: function 'stairs::stairs(stairs &)' already has a body
                 c:\tahawork\ooplabs\oopproject\main - copy\main\stairs.h(16) : see previous definition of '{ctor}'
     1>c:\tahawork\ooplabs\oopproject\main - copy\main\stairs.cpp(21): error C2084: function 'stairs::~stairs(void)' already has a body
                 c:\tahawork\ooplabs\oopproject\main - copy\main\stairs.h(18) : see previous definition of '{dtor}'
     1>c:\tahawork\ooplabs\oopproject\main - copy\main\stairs.cpp(26): error C2084: function 'void stairs::display(void)' already has a body
                 c:\tahawork\ooplabs\oopproject\main - copy\main\stairs.h(20) : see previous definition of 'display'
     1>c:\tahawork\ooplabs\oopproject\main - copy\main\stairs.cpp(27): error C2264: 'operator <<' : error in function definition or declaration; function not called
     1>c:\tahawork\ooplabs\oopproject\main - copy\main\stairs.cpp(27): error C2088: '<<' : illegal for class
     1>c:\tahawork\ooplabs\oopproject\main - copy\main\stairs.cpp(31): error C2084: function 'std::istream &stairs::fileInput(std::istream &)' already has a body
                 c:\tahawork\ooplabs\oopproject\main - copy\main\stairs.h(22) : see previous definition of 'fileInput'
     1>c:\tahawork\ooplabs\oopproject\main - copy\main\stairs.cpp(5): error C2084: function 'stairs::stairs(void)' already has a body
                 c:\tahawork\ooplabs\oopproject\main - copy\main\stairs.h(12) : see previous definition of '{ctor}'
     1>c:\tahawork\ooplabs\oopproject\main - copy\main\stairs.cpp(10): error C2084: function 'stairs::stairs(std::string,int,int)' already has a body
                 c:\tahawork\ooplabs\oopproject\main - copy\main\stairs.h(14) : see previous definition of '{ctor}'
     1>c:\tahawork\ooplabs\oopproject\main - copy\main\stairs.cpp(15): error C2084: function 'stairs::stairs(stairs &)' already has a body
                 c:\tahawork\ooplabs\oopproject\main - copy\main\stairs.h(16) : see previous definition of '{ctor}'
     1>c:\tahawork\ooplabs\oopproject\main - copy\main\stairs.cpp(21): error C2084: function 'stairs::~stairs(void)' already has a body
                 c:\tahawork\ooplabs\oopproject\main - copy\main\stairs.h(18) : see previous definition of '{dtor}'
     1>c:\tahawork\ooplabs\oopproject\main - copy\main\stairs.cpp(26): error C2084: function 'void stairs::display(void)' already has a body
                 c:\tahawork\ooplabs\oopproject\main - copy\main\stairs.h(20) : see previous definition of 'display'
     1>c:\tahawork\ooplabs\oopproject\main - copy\main\stairs.cpp(27): error C2264: 'operator <<' : error in function definition or declaration; function not called
     1>c:\tahawork\ooplabs\oopproject\main - copy\main\stairs.cpp(27): error C2088: '<<' : illegal for class
     1>c:\tahawork\ooplabs\oopproject\main - copy\main\stairs.cpp(31): error C2084: function 'std::istream &stairs::fileInput(std::istream &)' already has a body
                 c:\tahawork\ooplabs\oopproject\main - copy\main\stairs.h(22) : see previous definition of 'fileInput'
     1>c:\tahawork\ooplabs\oopproject\main - copy\main\stairs.cpp(5): error C2084: function 'stairs::stairs(void)' already has a body
                 c:\tahawork\ooplabs\oopproject\main - copy\main\stairs.h(12) : see previous definition of '{ctor}'
     1>c:\tahawork\ooplabs\oopproject\main - copy\main\stairs.cpp(10): error C2084: function 'stairs::stairs(std::string,int,int)' already has a body
                 c:\tahawork\ooplabs\oopproject\main - copy\main\stairs.h(14) : see previous definition of '{ctor}'
     1>c:\tahawork\ooplabs\oopproject\main - copy\main\stairs.cpp(15): error C2084: function 'stairs::stairs(stairs &)' already has a body
                 c:\tahawork\ooplabs\oopproject\main - copy\main\stairs.h(16) : see previous definition of '{ctor}'
     1>c:\tahawork\ooplabs\oopproject\main - copy\main\stairs.cpp(21): error C2084: function 'stairs::~stairs(void)' already has a body
                 c:\tahawork\ooplabs\oopproject\main - copy\main\stairs.h(18) : see previous definition of '{dtor}'
     1>c:\tahawork\ooplabs\oopproject\main - copy\main\stairs.cpp(26): error C2084: function 'void stairs::display(void)' already has a body
                 c:\tahawork\ooplabs\oopproject\main - copy\main\stairs.h(20) : see previous definition of 'display'
     1>c:\tahawork\ooplabs\oopproject\main - copy\main\stairs.cpp(26): fatal error C1003: error count exceeds 100; stopping compilation
         classroom.cpp
     1>c:\tahawork\ooplabs\oopproject\main - copy\main\stairs.cpp(5): error C2084: function 'stairs::stairs(void)' already has a body
                 c:\tahawork\ooplabs\oopproject\main - copy\main\stairs.h(12) : see previous definition of '{ctor}'
     1>c:\tahawork\ooplabs\oopproject\main - copy\main\stairs.cpp(10): error C2084: function 'stairs::stairs(std::string,int,int)' already has a body
                 c:\tahawork\ooplabs\oopproject\main - copy\main\stairs.h(14) : see previous definition of '{ctor}'
     1>c:\tahawork\ooplabs\oopproject\main - copy\main\stairs.cpp(15): error C2084: function 'stairs::stairs(stairs &)' already has a body
                 c:\tahawork\ooplabs\oopproject\main - copy\main\stairs.h(16) : see previous definition of '{ctor}'
     1>c:\tahawork\ooplabs\oopproject\main - copy\main\stairs.cpp(21): error C2084: function 'stairs::~stairs(void)' already has a body
                 c:\tahawork\ooplabs\oopproject\main - copy\main\stairs.h(18) : see previous definition of '{dtor}'
     1>c:\tahawork\ooplabs\oopproject\main - copy\main\stairs.cpp(26): error C2084: function 'void stairs::display(void)' already has a body
                 c:\tahawork\ooplabs\oopproject\main - copy\main\stairs.h(20) : see previous definition of 'display'
     1>c:\tahawork\ooplabs\oopproject\main - copy\main\stairs.cpp(31): error C2084: function 'std::istream &stairs::fileInput(std::istream &)' already has a body
                 c:\tahawork\ooplabs\oopproject\main - copy\main\stairs.h(22) : see previous definition of 'fileInput'
     1>c:\tahawork\ooplabs\oopproject\main - copy\main\stairs.cpp(37): error C2084: function 'std::ostream &operator <<(std::ostream &,stairs &)' already has a body
                 c:\tahawork\ooplabs\oopproject\main - copy\main\stairs.h(24) : see previous definition of '<<'
     1>c:\tahawork\ooplabs\oopproject\main - copy\main\stairs.cpp(42): error C2084: function 'std::istream &operator >>(std::istream &,stairs *)' already has a body
                 c:\tahawork\ooplabs\oopproject\main - copy\main\stairs.h(26) : see previous definition of '>>'
     1>c:\tahawork\ooplabs\oopproject\main - copy\main\stairs.cpp(5): error C2084: function 'stairs::stairs(void)' already has a body
                 c:\tahawork\ooplabs\oopproject\main - copy\main\stairs.h(12) : see previous definition of '{ctor}'
     1>c:\tahawork\ooplabs\oopproject\main - copy\main\stairs.cpp(10): error C2084: function 'stairs::stairs(std::string,int,int)' already has a body
                 c:\tahawork\ooplabs\oopproject\main - copy\main\stairs.h(14) : see previous definition of '{ctor}'
     1>c:\tahawork\ooplabs\oopproject\main - copy\main\stairs.cpp(15): error C2084: function 'stairs::stairs(stairs &)' already has a body
                 c:\tahawork\ooplabs\oopproject\main - copy\main\stairs.h(16) : see previous definition of '{ctor}'
     1>c:\tahawork\ooplabs\oopproject\main - copy\main\stairs.cpp(21): error C2084: function 'stairs::~stairs(void)' already has a body
                 c:\tahawork\ooplabs\oopproject\main - copy\main\stairs.h(18) : see previous definition of '{dtor}'
     1>c:\tahawork\ooplabs\oopproject\main - copy\main\stairs.cpp(26): error C2084: function 'void stairs::display(void)' already has a body
                 c:\tahawork\ooplabs\oopproject\main - copy\main\stairs.h(20) : see previous definition of 'display'
     1>c:\tahawork\ooplabs\oopproject\main - copy\main\stairs.cpp(27): error C2264: 'operator <<' : error in function definition or declaration; function not called
     1>c:\tahawork\ooplabs\oopproject\main - copy\main\stairs.cpp(27): error C2088: '<<' : illegal for class
     1>c:\tahawork\ooplabs\oopproject\main - copy\main\stairs.cpp(31): error C2084: function 'std::istream &stairs::fileInput(std::istream &)' already has a body
                 c:\tahawork\ooplabs\oopproject\main - copy\main\stairs.h(22) : see previous definition of 'fileInput'
     1>c:\tahawork\ooplabs\oopproject\main - copy\main\stairs.cpp(5): error C2084: function 'stairs::stairs(void)' already has a body
                 c:\tahawork\ooplabs\oopproject\main - copy\main\stairs.h(12) : see previous definition of '{ctor}'
     1>c:\tahawork\ooplabs\oopproject\main - copy\main\stairs.cpp(10): error C2084: function 'stairs::stairs(std::string,int,int)' already has a body
                 c:\tahawork\ooplabs\oopproject\main - copy\main\stairs.h(14) : see previous definition of '{ctor}'
     1>c:\tahawork\ooplabs\oopproject\main - copy\main\stairs.cpp(15): error C2084: function 'stairs::stairs(stairs &)' already has a body
                 c:\tahawork\ooplabs\oopproject\main - copy\main\stairs.h(16) : see previous definition of '{ctor}'
     1>c:\tahawork\ooplabs\oopproject\main - copy\main\stairs.cpp(21): error C2084: function 'stairs::~stairs(void)' already has a body
                 c:\tahawork\ooplabs\oopproject\main - copy\main\stairs.h(18) : see previous definition of '{dtor}'
     1>c:\tahawork\ooplabs\oopproject\main - copy\main\stairs.cpp(26): error C2084: function 'void stairs::display(void)' already has a body
                 c:\tahawork\ooplabs\oopproject\main - copy\main\stairs.h(20) : see previous definition of 'display'
     1>c:\tahawork\ooplabs\oopproject\main - copy\main\stairs.cpp(27): error C2264: 'operator <<' : error in function definition or declaration; function not called
     1>c:\tahawork\ooplabs\oopproject\main - copy\main\stairs.cpp(27): error C2088: '<<' : illegal for class
     1>c:\tahawork\ooplabs\oopproject\main - copy\main\stairs.cpp(31): error C2084: function 'std::istream &stairs::fileInput(std::istream &)' already has a body
                 c:\tahawork\ooplabs\oopproject\main - copy\main\stairs.h(22) : see previous definition of 'fileInput'
     1>c:\tahawork\ooplabs\oopproject\main - copy\main\stairs.cpp(5): error C2084: function 'stairs::stairs(void)' already has a body
                 c:\tahawork\ooplabs\oopproject\main - copy\main\stairs.h(12) : see previous definition of '{ctor}'
     1>c:\tahawork\ooplabs\oopproject\main - copy\main\stairs.cpp(10): error C2084: function 'stairs::stairs(std::string,int,int)' already has a body
                 c:\tahawork\ooplabs\oopproject\main - copy\main\stairs.h(14) : see previous definition of '{ctor}'
     1>c:\tahawork\ooplabs\oopproject\main - copy\main\stairs.cpp(15): error C2084: function 'stairs::stairs(stairs &)' already has a body
                 c:\tahawork\ooplabs\oopproject\main - copy\main\stairs.h(16) : see previous definition of '{ctor}'
     1>c:\tahawork\ooplabs\oopproject\main - copy\main\stairs.cpp(21): error C2084: function 'stairs::~stairs(void)' already has a body
                 c:\tahawork\ooplabs\oopproject\main - copy\main\stairs.h(18) : see previous definition of '{dtor}'
     1>c:\tahawork\ooplabs\oopproject\main - copy\main\stairs.cpp(26): error C2084: function 'void stairs::display(void)' already has a body
                 c:\tahawork\ooplabs\oopproject\main - copy\main\stairs.h(20) : see previous definition of 'display'
     1>c:\tahawork\ooplabs\oopproject\main - copy\main\stairs.cpp(27): error C2264: 'operator <<' : error in function definition or declaration; function not called
     1>c:\tahawork\ooplabs\oopproject\main - copy\main\stairs.cpp(27): error C2088: '<<' : illegal for class
     1>c:\tahawork\ooplabs\oopproject\main - copy\main\stairs.cpp(31): error C2084: function 'std::istream &stairs::fileInput(std::istream &)' already has a body
                 c:\tahawork\ooplabs\oopproject\main - copy\main\stairs.h(22) : see previous definition of 'fileInput'
     1>c:\tahawork\ooplabs\oopproject\main - copy\main\stairs.cpp(5): error C2084: function 'stairs::stairs(void)' already has a body
                 c:\tahawork\ooplabs\oopproject\main - copy\main\stairs.h(12) : see previous definition of '{ctor}'
     1>c:\tahawork\ooplabs\oopproject\main - copy\main\stairs.cpp(10): error C2084: function 'stairs::stairs(std::string,int,int)' already has a body
                 c:\tahawork\ooplabs\oopproject\main - copy\main\stairs.h(14) : see previous definition of '{ctor}'
     1>c:\tahawork\ooplabs\oopproject\main - copy\main\stairs.cpp(15): error C2084: function 'stairs::stairs(stairs &)' already has a body
                 c:\tahawork\ooplabs\oopproject\main - copy\main\stairs.h(16) : see previous definition of '{ctor}'
     1>c:\tahawork\ooplabs\oopproject\main - copy\main\stairs.cpp(21): error C2084: function 'stairs::~stairs(void)' already has a body
                 c:\tahawork\ooplabs\oopproject\main - copy\main\stairs.h(18) : see previous definition of '{dtor}'
     1>c:\tahawork\ooplabs\oopproject\main - copy\main\stairs.cpp(26): error C2084: function 'void stairs::display(void)' already has a body
                 c:\tahawork\ooplabs\oopproject\main - copy\main\stairs.h(20) : see previous definition of 'display'
     1>c:\tahawork\ooplabs\oopproject\main - copy\main\stairs.cpp(27): error C2264: 'operator <<' : error in function definition or declaration; function not called
     1>c:\tahawork\ooplabs\oopproject\main - copy\main\stairs.cpp(27): error C2088: '<<' : illegal for class
     1>c:\tahawork\ooplabs\oopproject\main - copy\main\stairs.cpp(31): error C2084: function 'std::istream &stairs::fileInput(std::istream &)' already has a body
                 c:\tahawork\ooplabs\oopproject\main - copy\main\stairs.h(22) : see previous definition of 'fileInput'
     1>c:\tahawork\ooplabs\oopproject\main - copy\main\stairs.cpp(5): error C2084: function 'stairs::stairs(void)' already has a body
                 c:\tahawork\ooplabs\oopproject\main - copy\main\stairs.h(12) : see previous definition of '{ctor}'
     1>c:\tahawork\ooplabs\oopproject\main - copy\main\stairs.cpp(10): error C2084: function 'stairs::stairs(std::string,int,int)' already has a body
                 c:\tahawork\ooplabs\oopproject\main - copy\main\stairs.h(14) : see previous definition of '{ctor}'
     1>c:\tahawork\ooplabs\oopproject\main - copy\main\stairs.cpp(15): error C2084: function 'stairs::stairs(stairs &)' already has a body
                 c:\tahawork\ooplabs\oopproject\main - copy\main\stairs.h(16) : see previous definition of '{ctor}'
     1>c:\tahawork\ooplabs\oopproject\main - copy\main\stairs.cpp(21): error C2084: function 'stairs::~stairs(void)' already has a body
                 c:\tahawork\ooplabs\oopproject\main - copy\main\stairs.h(18) : see previous definition of '{dtor}'
     1>c:\tahawork\ooplabs\oopproject\main - copy\main\stairs.cpp(26): error C2084: function 'void stairs::display(void)' already has a body
                 c:\tahawork\ooplabs\oopproject\main - copy\main\stairs.h(20) : see previous definition of 'display'
     1>c:\tahawork\ooplabs\oopproject\main - copy\main\stairs.cpp(27): error C2264: 'operator <<' : error in function definition or declaration; function not called
     1>c:\tahawork\ooplabs\oopproject\main - copy\main\stairs.cpp(27): error C2088: '<<' : illegal for class
     1>c:\tahawork\ooplabs\oopproject\main - copy\main\stairs.cpp(31): error C2084: function 'std::istream &stairs::fileInput(std::istream &)' already has a body
                 c:\tahawork\ooplabs\oopproject\main - copy\main\stairs.h(22) : see previous definition of 'fileInput'
     1>c:\tahawork\ooplabs\oopproject\main - copy\main\stairs.cpp(5): error C2084: function 'stairs::stairs(void)' already has a body
                 c:\tahawork\ooplabs\oopproject\main - copy\main\stairs.h(12) : see previous definition of '{ctor}'
     1>c:\tahawork\ooplabs\oopproject\main - copy\main\stairs.cpp(10): error C2084: function 'stairs::stairs(std::string,int,int)' already has a body
                 c:\tahawork\ooplabs\oopproject\main - copy\main\stairs.h(14) : see previous definition of '{ctor}'
     1>c:\tahawork\ooplabs\oopproject\main - copy\main\stairs.cpp(15): error C2084: function 'stairs::stairs(stairs &)' already has a body
                 c:\tahawork\ooplabs\oopproject\main - copy\main\stairs.h(16) : see previous definition of '{ctor}'
     1>c:\tahawork\ooplabs\oopproject\main - copy\main\stairs.cpp(21): error C2084: function 'stairs::~stairs(void)' already has a body
                 c:\tahawork\ooplabs\oopproject\main - copy\main\stairs.h(18) : see previous definition of '{dtor}'
     1>c:\tahawork\ooplabs\oopproject\main - copy\main\stairs.cpp(26): error C2084: function 'void stairs::display(void)' already has a body
                 c:\tahawork\ooplabs\oopproject\main - copy\main\stairs.h(20) : see previous definition of 'display'
     1>c:\tahawork\ooplabs\oopproject\main - copy\main\stairs.cpp(27): error C2264: 'operator <<' : error in function definition or declaration; function not called
     1>c:\tahawork\ooplabs\oopproject\main - copy\main\stairs.cpp(27): error C2088: '<<' : illegal for class
     1>c:\tahawork\ooplabs\oopproject\main - copy\main\stairs.cpp(31): error C2084: function 'std::istream &stairs::fileInput(std::istream &)' already has a body
                 c:\tahawork\ooplabs\oopproject\main - copy\main\stairs.h(22) : see previous definition of 'fileInput'
     1>c:\tahawork\ooplabs\oopproject\main - copy\main\stairs.cpp(5): error C2084: function 'stairs::stairs(void)' already has a body
                 c:\tahawork\ooplabs\oopproject\main - copy\main\stairs.h(12) : see previous definition of '{ctor}'
     1>c:\tahawork\ooplabs\oopproject\main - copy\main\stairs.cpp(10): error C2084: function 'stairs::stairs(std::string,int,int)' already has a body
                 c:\tahawork\ooplabs\oopproject\main - copy\main\stairs.h(14) : see previous definition of '{ctor}'
     1>c:\tahawork\ooplabs\oopproject\main - copy\main\stairs.cpp(15): error C2084: function 'stairs::stairs(stairs &)' already has a body
                 c:\tahawork\ooplabs\oopproject\main - copy\main\stairs.h(16) : see previous definition of '{ctor}'
     1>c:\tahawork\ooplabs\oopproject\main - copy\main\stairs.cpp(21): error C2084: function 'stairs::~stairs(void)' already has a body
                 c:\tahawork\ooplabs\oopproject\main - copy\main\stairs.h(18) : see previous definition of '{dtor}'
     1>c:\tahawork\ooplabs\oopproject\main - copy\main\stairs.cpp(26): error C2084: function 'void stairs::display(void)' already has a body
                 c:\tahawork\ooplabs\oopproject\main - copy\main\stairs.h(20) : see previous definition of 'display'
     1>c:\tahawork\ooplabs\oopproject\main - copy\main\stairs.cpp(27): error C2264: 'operator <<' : error in function definition or declaration; function not called
     1>c:\tahawork\ooplabs\oopproject\main - copy\main\stairs.cpp(27): error C2088: '<<' : illegal for class
     1>c:\tahawork\ooplabs\oopproject\main - copy\main\stairs.cpp(31): error C2084: function 'std::istream &stairs::fileInput(std::istream &)' already has a body
                 c:\tahawork\ooplabs\oopproject\main - copy\main\stairs.h(22) : see previous definition of 'fileInput'
     1>c:\tahawork\ooplabs\oopproject\main - copy\main\stairs.cpp(5): error C2084: function 'stairs::stairs(void)' already has a body
                 c:\tahawork\ooplabs\oopproject\main - copy\main\stairs.h(12) : see previous definition of '{ctor}'
     1>c:\tahawork\ooplabs\oopproject\main - copy\main\stairs.cpp(10): error C2084: function 'stairs::stairs(std::string,int,int)' already has a body
                 c:\tahawork\ooplabs\oopproject\main - copy\main\stairs.h(14) : see previous definition of '{ctor}'
     1>c:\tahawork\ooplabs\oopproject\main - copy\main\stairs.cpp(15): error C2084: function 'stairs::stairs(stairs &)' already has a body
                 c:\tahawork\ooplabs\oopproject\main - copy\main\stairs.h(16) : see previous definition of '{ctor}'
     1>c:\tahawork\ooplabs\oopproject\main - copy\main\stairs.cpp(21): error C2084: function 'stairs::~stairs(void)' already has a body
                 c:\tahawork\ooplabs\oopproject\main - copy\main\stairs.h(18) : see previous definition of '{dtor}'
     1>c:\tahawork\ooplabs\oopproject\main - copy\main\stairs.cpp(26): error C2084: function 'void stairs::display(void)' already has a body
                 c:\tahawork\ooplabs\oopproject\main - copy\main\stairs.h(20) : see previous definition of 'display'
     1>c:\tahawork\ooplabs\oopproject\main - copy\main\stairs.cpp(27): error C2264: 'operator <<' : error in function definition or declaration; function not called
     1>c:\tahawork\ooplabs\oopproject\main - copy\main\stairs.cpp(27): error C2088: '<<' : illegal for class
     1>c:\tahawork\ooplabs\oopproject\main - copy\main\stairs.cpp(31): error C2084: function 'std::istream &stairs::fileInput(std::istream &)' already has a body
                 c:\tahawork\ooplabs\oopproject\main - copy\main\stairs.h(22) : see previous definition of 'fileInput'
     1>c:\tahawork\ooplabs\oopproject\main - copy\main\stairs.cpp(5): error C2084: function 'stairs::stairs(void)' already has a body
                 c:\tahawork\ooplabs\oopproject\main - copy\main\stairs.h(12) : see previous definition of '{ctor}'
     1>c:\tahawork\ooplabs\oopproject\main - copy\main\stairs.cpp(10): error C2084: function 'stairs::stairs(std::string,int,int)' already has a body
                 c:\tahawork\ooplabs\oopproject\main - copy\main\stairs.h(14) : see previous definition of '{ctor}'
     1>c:\tahawork\ooplabs\oopproject\main - copy\main\stairs.cpp(15): error C2084: function 'stairs::stairs(stairs &)' already has a body
                 c:\tahawork\ooplabs\oopproject\main - copy\main\stairs.h(16) : see previous definition of '{ctor}'
     1>c:\tahawork\ooplabs\oopproject\main - copy\main\stairs.cpp(21): error C2084: function 'stairs::~stairs(void)' already has a body
                 c:\tahawork\ooplabs\oopproject\main - copy\main\stairs.h(18) : see previous definition of '{dtor}'
     1>c:\tahawork\ooplabs\oopproject\main - copy\main\stairs.cpp(26): error C2084: function 'void stairs::display(void)' already has a body
                 c:\tahawork\ooplabs\oopproject\main - copy\main\stairs.h(20) : see previous definition of 'display'
     1>c:\tahawork\ooplabs\oopproject\main - copy\main\stairs.cpp(27): error C2264: 'operator <<' : error in function definition or declaration; function not called
     1>c:\tahawork\ooplabs\oopproject\main - copy\main\stairs.cpp(27): error C2088: '<<' : illegal for class
     1>c:\tahawork\ooplabs\oopproject\main - copy\main\stairs.cpp(31): error C2084: function 'std::istream &stairs::fileInput(std::istream &)' already has a body
                 c:\tahawork\ooplabs\oopproject\main - copy\main\stairs.h(22) : see previous definition of 'fileInput'
     1>c:\tahawork\ooplabs\oopproject\main - copy\main\stairs.cpp(5): error C2084: function 'stairs::stairs(void)' already has a body
                 c:\tahawork\ooplabs\oopproject\main - copy\main\stairs.h(12) : see previous definition of '{ctor}'
     1>c:\tahawork\ooplabs\oopproject\main - copy\main\stairs.cpp(10): error C2084: function 'stairs::stairs(std::string,int,int)' already has a body
                 c:\tahawork\ooplabs\oopproject\main - copy\main\stairs.h(14) : see previous definition of '{ctor}'
     1>c:\tahawork\ooplabs\oopproject\main - copy\main\stairs.cpp(15): error C2084: function 'stairs::stairs(stairs &)' already has a body
                 c:\tahawork\ooplabs\oopproject\main - copy\main\stairs.h(16) : see previous definition of '{ctor}'
     1>c:\tahawork\ooplabs\oopproject\main - copy\main\stairs.cpp(21): error C2084: function 'stairs::~stairs(void)' already has a body
                 c:\tahawork\ooplabs\oopproject\main - copy\main\stairs.h(18) : see previous definition of '{dtor}'
     1>c:\tahawork\ooplabs\oopproject\main - copy\main\stairs.cpp(26): error C2084: function 'void stairs::display(void)' already has a body
                 c:\tahawork\ooplabs\oopproject\main - copy\main\stairs.h(20) : see previous definition of 'display'
     1>c:\tahawork\ooplabs\oopproject\main - copy\main\stairs.cpp(27): error C2264: 'operator <<' : error in function definition or declaration; function not called
     1>c:\tahawork\ooplabs\oopproject\main - copy\main\stairs.cpp(27): error C2088: '<<' : illegal for class
     1>c:\tahawork\ooplabs\oopproject\main - copy\main\stairs.cpp(31): error C2084: function 'std::istream &stairs::fileInput(std::istream &)' already has a body
                 c:\tahawork\ooplabs\oopproject\main - copy\main\stairs.h(22) : see previous definition of 'fileInput'
     1>c:\tahawork\ooplabs\oopproject\main - copy\main\stairs.cpp(5): error C2084: function 'stairs::stairs(void)' already has a body
                 c:\tahawork\ooplabs\oopproject\main - copy\main\stairs.h(12) : see previous definition of '{ctor}'
     1>c:\tahawork\ooplabs\oopproject\main - copy\main\stairs.cpp(10): error C2084: function 'stairs::stairs(std::string,int,int)' already has a body
                 c:\tahawork\ooplabs\oopproject\main - copy\main\stairs.h(14) : see previous definition of '{ctor}'
     1>c:\tahawork\ooplabs\oopproject\main - copy\main\stairs.cpp(15): error C2084: function 'stairs::stairs(stairs &)' already has a body
                 c:\tahawork\ooplabs\oopproject\main - copy\main\stairs.h(16) : see previous definition of '{ctor}'
     1>c:\tahawork\ooplabs\oopproject\main - copy\main\stairs.cpp(21): error C2084: function 'stairs::~stairs(void)' already has a body
                 c:\tahawork\ooplabs\oopproject\main - copy\main\stairs.h(18) : see previous definition of '{dtor}'
     1>c:\tahawork\ooplabs\oopproject\main - copy\main\stairs.cpp(26): error C2084: function 'void stairs::display(void)' already has a body
                 c:\tahawork\ooplabs\oopproject\main - copy\main\stairs.h(20) : see previous definition of 'display'
     1>c:\tahawork\ooplabs\oopproject\main - copy\main\stairs.cpp(27): error C2264: 'operator <<' : error in function definition or declaration; function not called
     1>c:\tahawork\ooplabs\oopproject\main - copy\main\stairs.cpp(27): error C2088: '<<' : illegal for class
     1>c:\tahawork\ooplabs\oopproject\main - copy\main\stairs.cpp(31): error C2084: function 'std::istream &stairs::fileInput(std::istream &)' already has a body
                 c:\tahawork\ooplabs\oopproject\main - copy\main\stairs.h(22) : see previous definition of 'fileInput'
     1>c:\tahawork\ooplabs\oopproject\main - copy\main\stairs.cpp(5): error C2084: function 'stairs::stairs(void)' already has a body
                 c:\tahawork\ooplabs\oopproject\main - copy\main\stairs.h(12) : see previous definition of '{ctor}'
     1>c:\tahawork\ooplabs\oopproject\main - copy\main\stairs.cpp(10): error C2084: function 'stairs::stairs(std::string,int,int)' already has a body
                 c:\tahawork\ooplabs\oopproject\main - copy\main\stairs.h(14) : see previous definition of '{ctor}'
     1>c:\tahawork\ooplabs\oopproject\main - copy\main\stairs.cpp(15): error C2084: function 'stairs::stairs(stairs &)' already has a body
                 c:\tahawork\ooplabs\oopproject\main - copy\main\stairs.h(16) : see previous definition of '{ctor}'
     1>c:\tahawork\ooplabs\oopproject\main - copy\main\stairs.cpp(21): error C2084: function 'stairs::~stairs(void)' already has a body
                 c:\tahawork\ooplabs\oopproject\main - copy\main\stairs.h(18) : see previous definition of '{dtor}'
     1>c:\tahawork\ooplabs\oopproject\main - copy\main\stairs.cpp(26): error C2084: function 'void stairs::display(void)' already has a body
                 c:\tahawork\ooplabs\oopproject\main - copy\main\stairs.h(20) : see previous definition of 'display'
     1>c:\tahawork\ooplabs\oopproject\main - copy\main\stairs.cpp(26): fatal error C1003: error count exceeds 100; stopping compilation
         algorithm.cpp
     1>c:\tahawork\ooplabs\oopproject\main - copy\main\stairs.cpp(5): error C2084: function 'stairs::stairs(void)' already has a body
                 c:\tahawork\ooplabs\oopproject\main - copy\main\stairs.h(12) : see previous definition of '{ctor}'
     1>c:\tahawork\ooplabs\oopproject\main - copy\main\stairs.cpp(10): error C2084: function 'stairs::stairs(std::string,int,int)' already has a body
                 c:\tahawork\ooplabs\oopproject\main - copy\main\stairs.h(14) : see previous definition of '{ctor}'
     1>c:\tahawork\ooplabs\oopproject\main - copy\main\stairs.cpp(15): error C2084: function 'stairs::stairs(stairs &)' already has a body
                 c:\tahawork\ooplabs\oopproject\main - copy\main\stairs.h(16) : see previous definition of '{ctor}'
     1>c:\tahawork\ooplabs\oopproject\main - copy\main\stairs.cpp(21): error C2084: function 'stairs::~stairs(void)' already has a body
                 c:\tahawork\ooplabs\oopproject\main - copy\main\stairs.h(18) : see previous definition of '{dtor}'
     1>c:\tahawork\ooplabs\oopproject\main - copy\main\stairs.cpp(26): error C2084: function 'void stairs::display(void)' already has a body
                 c:\tahawork\ooplabs\oopproject\main - copy\main\stairs.h(20) : see previous definition of 'display'
     1>c:\tahawork\ooplabs\oopproject\main - copy\main\stairs.cpp(31): error C2084: function 'std::istream &stairs::fileInput(std::istream &)' already has a body
                 c:\tahawork\ooplabs\oopproject\main - copy\main\stairs.h(22) : see previous definition of 'fileInput'
     1>c:\tahawork\ooplabs\oopproject\main - copy\main\stairs.cpp(37): error C2084: function 'std::ostream &operator <<(std::ostream &,stairs &)' already has a body
                 c:\tahawork\ooplabs\oopproject\main - copy\main\stairs.h(24) : see previous definition of '<<'
     1>c:\tahawork\ooplabs\oopproject\main - copy\main\stairs.cpp(42): error C2084: function 'std::istream &operator >>(std::istream &,stairs *)' already has a body
                 c:\tahawork\ooplabs\oopproject\main - copy\main\stairs.h(26) : see previous definition of '>>'
     1>c:\tahawork\ooplabs\oopproject\main - copy\main\stairs.cpp(5): error C2084: function 'stairs::stairs(void)' already has a body
                 c:\tahawork\ooplabs\oopproject\main - copy\main\stairs.h(12) : see previous definition of '{ctor}'
     1>c:\tahawork\ooplabs\oopproject\main - copy\main\stairs.cpp(10): error C2084: function 'stairs::stairs(std::string,int,int)' already has a body
                 c:\tahawork\ooplabs\oopproject\main - copy\main\stairs.h(14) : see previous definition of '{ctor}'
     1>c:\tahawork\ooplabs\oopproject\main - copy\main\stairs.cpp(15): error C2084: function 'stairs::stairs(stairs &)' already has a body
                 c:\tahawork\ooplabs\oopproject\main - copy\main\stairs.h(16) : see previous definition of '{ctor}'
     1>c:\tahawork\ooplabs\oopproject\main - copy\main\stairs.cpp(21): error C2084: function 'stairs::~stairs(void)' already has a body
                 c:\tahawork\ooplabs\oopproject\main - copy\main\stairs.h(18) : see previous definition of '{dtor}'
     1>c:\tahawork\ooplabs\oopproject\main - copy\main\stairs.cpp(26): error C2084: function 'void stairs::display(void)' already has a body
                 c:\tahawork\ooplabs\oopproject\main - copy\main\stairs.h(20) : see previous definition of 'display'
     1>c:\tahawork\ooplabs\oopproject\main - copy\main\stairs.cpp(27): error C2264: 'operator <<' : error in function definition or declaration; function not called
     1>c:\tahawork\ooplabs\oopproject\main - copy\main\stairs.cpp(27): error C2088: '<<' : illegal for class
     1>c:\tahawork\ooplabs\oopproject\main - copy\main\stairs.cpp(31): error C2084: function 'std::istream &stairs::fileInput(std::istream &)' already has a body
                 c:\tahawork\ooplabs\oopproject\main - copy\main\stairs.h(22) : see previous definition of 'fileInput'
     1>c:\tahawork\ooplabs\oopproject\main - copy\main\stairs.cpp(5): error C2084: function 'stairs::stairs(void)' already has a body
                 c:\tahawork\ooplabs\oopproject\main - copy\main\stairs.h(12) : see previous definition of '{ctor}'
     1>c:\tahawork\ooplabs\oopproject\main - copy\main\stairs.cpp(10): error C2084: function 'stairs::stairs(std::string,int,int)' already has a body
                 c:\tahawork\ooplabs\oopproject\main - copy\main\stairs.h(14) : see previous definition of '{ctor}'
     1>c:\tahawork\ooplabs\oopproject\main - copy\main\stairs.cpp(15): error C2084: function 'stairs::stairs(stairs &)' already has a body
                 c:\tahawork\ooplabs\oopproject\main - copy\main\stairs.h(16) : see previous definition of '{ctor}'
     1>c:\tahawork\ooplabs\oopproject\main - copy\main\stairs.cpp(21): error C2084: function 'stairs::~stairs(void)' already has a body
                 c:\tahawork\ooplabs\oopproject\main - copy\main\stairs.h(18) : see previous definition of '{dtor}'
     1>c:\tahawork\ooplabs\oopproject\main - copy\main\stairs.cpp(26): error C2084: function 'void stairs::display(void)' already has a body
                 c:\tahawork\ooplabs\oopproject\main - copy\main\stairs.h(20) : see previous definition of 'display'
     1>c:\tahawork\ooplabs\oopproject\main - copy\main\stairs.cpp(27): error C2264: 'operator <<' : error in function definition or declaration; function not called
     1>c:\tahawork\ooplabs\oopproject\main - copy\main\stairs.cpp(27): error C2088: '<<' : illegal for class
     1>c:\tahawork\ooplabs\oopproject\main - copy\main\stairs.cpp(31): error C2084: function 'std::istream &stairs::fileInput(std::istream &)' already has a body
                 c:\tahawork\ooplabs\oopproject\main - copy\main\stairs.h(22) : see previous definition of 'fileInput'
     1>c:\tahawork\ooplabs\oopproject\main - copy\main\stairs.cpp(5): error C2084: function 'stairs::stairs(void)' already has a body
                 c:\tahawork\ooplabs\oopproject\main - copy\main\stairs.h(12) : see previous definition of '{ctor}'
     1>c:\tahawork\ooplabs\oopproject\main - copy\main\stairs.cpp(10): error C2084: function 'stairs::stairs(std::string,int,int)' already has a body
                 c:\tahawork\ooplabs\oopproject\main - copy\main\stairs.h(14) : see previous definition of '{ctor}'
     1>c:\tahawork\ooplabs\oopproject\main - copy\main\stairs.cpp(15): error C2084: function 'stairs::stairs(stairs &)' already has a body
                 c:\tahawork\ooplabs\oopproject\main - copy\main\stairs.h(16) : see previous definition of '{ctor}'
     1>c:\tahawork\ooplabs\oopproject\main - copy\main\stairs.cpp(21): error C2084: function 'stairs::~stairs(void)' already has a body
                 c:\tahawork\ooplabs\oopproject\main - copy\main\stairs.h(18) : see previous definition of '{dtor}'
     1>c:\tahawork\ooplabs\oopproject\main - copy\main\stairs.cpp(26): error C2084: function 'void stairs::display(void)' already has a body
                 c:\tahawork\ooplabs\oopproject\main - copy\main\stairs.h(20) : see previous definition of 'display'
     1>c:\tahawork\ooplabs\oopproject\main - copy\main\stairs.cpp(27): error C2264: 'operator <<' : error in function definition or declaration; function not called
     1>c:\tahawork\ooplabs\oopproject\main - copy\main\stairs.cpp(27): error C2088: '<<' : illegal for class
     1>c:\tahawork\ooplabs\oopproject\main - copy\main\stairs.cpp(31): error C2084: function 'std::istream &stairs::fileInput(std::istream &)' already has a body
                 c:\tahawork\ooplabs\oopproject\main - copy\main\stairs.h(22) : see previous definition of 'fileInput'
     1>c:\tahawork\ooplabs\oopproject\main - copy\main\stairs.cpp(5): error C2084: function 'stairs::stairs(void)' already has a body
                 c:\tahawork\ooplabs\oopproject\main - copy\main\stairs.h(12) : see previous definition of '{ctor}'
     1>c:\tahawork\ooplabs\oopproject\main - copy\main\stairs.cpp(10): error C2084: function 'stairs::stairs(std::string,int,int)' already has a body
                 c:\tahawork\ooplabs\oopproject\main - copy\main\stairs.h(14) : see previous definition of '{ctor}'
     1>c:\tahawork\ooplabs\oopproject\main - copy\main\stairs.cpp(15): error C2084: function 'stairs::stairs(stairs &)' already has a body
                 c:\tahawork\ooplabs\oopproject\main - copy\main\stairs.h(16) : see previous definition of '{ctor}'
     1>c:\tahawork\ooplabs\oopproject\main - copy\main\stairs.cpp(21): error C2084: function 'stairs::~stairs(void)' already has a body
                 c:\tahawork\ooplabs\oopproject\main - copy\main\stairs.h(18) : see previous definition of '{dtor}'
     1>c:\tahawork\ooplabs\oopproject\main - copy\main\stairs.cpp(26): error C2084: function 'void stairs::display(void)' already has a body
                 c:\tahawork\ooplabs\oopproject\main - copy\main\stairs.h(20) : see previous definition of 'display'
     1>c:\tahawork\ooplabs\oopproject\main - copy\main\stairs.cpp(27): error C2264: 'operator <<' : error in function definition or declaration; function not called
     1>c:\tahawork\ooplabs\oopproject\main - copy\main\stairs.cpp(27): error C2088: '<<' : illegal for class
     1>c:\tahawork\ooplabs\oopproject\main - copy\main\stairs.cpp(31): error C2084: function 'std::istream &stairs::fileInput(std::istream &)' already has a body
                 c:\tahawork\ooplabs\oopproject\main - copy\main\stairs.h(22) : see previous definition of 'fileInput'
     1>c:\tahawork\ooplabs\oopproject\main - copy\main\stairs.cpp(5): error C2084: function 'stairs::stairs(void)' already has a body
                 c:\tahawork\ooplabs\oopproject\main - copy\main\stairs.h(12) : see previous definition of '{ctor}'
     1>c:\tahawork\ooplabs\oopproject\main - copy\main\stairs.cpp(10): error C2084: function 'stairs::stairs(std::string,int,int)' already has a body
                 c:\tahawork\ooplabs\oopproject\main - copy\main\stairs.h(14) : see previous definition of '{ctor}'
     1>c:\tahawork\ooplabs\oopproject\main - copy\main\stairs.cpp(15): error C2084: function 'stairs::stairs(stairs &)' already has a body
                 c:\tahawork\ooplabs\oopproject\main - copy\main\stairs.h(16) : see previous definition of '{ctor}'
     1>c:\tahawork\ooplabs\oopproject\main - copy\main\stairs.cpp(21): error C2084: function 'stairs::~stairs(void)' already has a body
                 c:\tahawork\ooplabs\oopproject\main - copy\main\stairs.h(18) : see previous definition of '{dtor}'
     1>c:\tahawork\ooplabs\oopproject\main - copy\main\stairs.cpp(26): error C2084: function 'void stairs::display(void)' already has a body
                 c:\tahawork\ooplabs\oopproject\main - copy\main\stairs.h(20) : see previous definition of 'display'
     1>c:\tahawork\ooplabs\oopproject\main - copy\main\stairs.cpp(27): error C2264: 'operator <<' : error in function definition or declaration; function not called
     1>c:\tahawork\ooplabs\oopproject\main - copy\main\stairs.cpp(27): error C2088: '<<' : illegal for class
     1>c:\tahawork\ooplabs\oopproject\main - copy\main\stairs.cpp(31): error C2084: function 'std::istream &stairs::fileInput(std::istream &)' already has a body
                 c:\tahawork\ooplabs\oopproject\main - copy\main\stairs.h(22) : see previous definition of 'fileInput'
     1>c:\tahawork\ooplabs\oopproject\main - copy\main\stairs.cpp(5): error C2084: function 'stairs::stairs(void)' already has a body
                 c:\tahawork\ooplabs\oopproject\main - copy\main\stairs.h(12) : see previous definition of '{ctor}'
     1>c:\tahawork\ooplabs\oopproject\main - copy\main\stairs.cpp(10): error C2084: function 'stairs::stairs(std::string,int,int)' already has a body
                 c:\tahawork\ooplabs\oopproject\main - copy\main\stairs.h(14) : see previous definition of '{ctor}'
     1>c:\tahawork\ooplabs\oopproject\main - copy\main\stairs.cpp(15): error C2084: function 'stairs::stairs(stairs &)' already has a body
                 c:\tahawork\ooplabs\oopproject\main - copy\main\stairs.h(16) : see previous definition of '{ctor}'
     1>c:\tahawork\ooplabs\oopproject\main - copy\main\stairs.cpp(21): error C2084: function 'stairs::~stairs(void)' already has a body
                 c:\tahawork\ooplabs\oopproject\main - copy\main\stairs.h(18) : see previous definition of '{dtor}'
     1>c:\tahawork\ooplabs\oopproject\main - copy\main\stairs.cpp(26): error C2084: function 'void stairs::display(void)' already has a body
                 c:\tahawork\ooplabs\oopproject\main - copy\main\stairs.h(20) : see previous definition of 'display'
     1>c:\tahawork\ooplabs\oopproject\main - copy\main\stairs.cpp(27): error C2264: 'operator <<' : error in function definition or declaration; function not called
     1>c:\tahawork\ooplabs\oopproject\main - copy\main\stairs.cpp(27): error C2088: '<<' : illegal for class
     1>c:\tahawork\ooplabs\oopproject\main - copy\main\stairs.cpp(31): error C2084: function 'std::istream &stairs::fileInput(std::istream &)' already has a body
                 c:\tahawork\ooplabs\oopproject\main - copy\main\stairs.h(22) : see previous definition of 'fileInput'
     1>c:\tahawork\ooplabs\oopproject\main - copy\main\stairs.cpp(5): error C2084: function 'stairs::stairs(void)' already has a body
                 c:\tahawork\ooplabs\oopproject\main - copy\main\stairs.h(12) : see previous definition of '{ctor}'
     1>c:\tahawork\ooplabs\oopproject\main - copy\main\stairs.cpp(10): error C2084: function 'stairs::stairs(std::string,int,int)' already has a body
                 c:\tahawork\ooplabs\oopproject\main - copy\main\stairs.h(14) : see previous definition of '{ctor}'
     1>c:\tahawork\ooplabs\oopproject\main - copy\main\stairs.cpp(15): error C2084: function 'stairs::stairs(stairs &)' already has a body
                 c:\tahawork\ooplabs\oopproject\main - copy\main\stairs.h(16) : see previous definition of '{ctor}'
     1>c:\tahawork\ooplabs\oopproject\main - copy\main\stairs.cpp(21): error C2084: function 'stairs::~stairs(void)' already has a body
                 c:\tahawork\ooplabs\oopproject\main - copy\main\stairs.h(18) : see previous definition of '{dtor}'
     1>c:\tahawork\ooplabs\oopproject\main - copy\main\stairs.cpp(26): error C2084: function 'void stairs::display(void)' already has a body
                 c:\tahawork\ooplabs\oopproject\main - copy\main\stairs.h(20) : see previous definition of 'display'
     1>c:\tahawork\ooplabs\oopproject\main - copy\main\stairs.cpp(27): error C2264: 'operator <<' : error in function definition or declaration; function not called
     1>c:\tahawork\ooplabs\oopproject\main - copy\main\stairs.cpp(27): error C2088: '<<' : illegal for class
     1>c:\tahawork\ooplabs\oopproject\main - copy\main\stairs.cpp(31): error C2084: function 'std::istream &stairs::fileInput(std::istream &)' already has a body
                 c:\tahawork\ooplabs\oopproject\main - copy\main\stairs.h(22) : see previous definition of 'fileInput'
     1>c:\tahawork\ooplabs\oopproject\main - copy\main\stairs.cpp(5): error C2084: function 'stairs::stairs(void)' already has a body
                 c:\tahawork\ooplabs\oopproject\main - copy\main\stairs.h(12) : see previous definition of '{ctor}'
     1>c:\tahawork\ooplabs\oopproject\main - copy\main\stairs.cpp(10): error C2084: function 'stairs::stairs(std::string,int,int)' already has a body
                 c:\tahawork\ooplabs\oopproject\main - copy\main\stairs.h(14) : see previous definition of '{ctor}'
     1>c:\tahawork\ooplabs\oopproject\main - copy\main\stairs.cpp(15): error C2084: function 'stairs::stairs(stairs &)' already has a body
                 c:\tahawork\ooplabs\oopproject\main - copy\main\stairs.h(16) : see previous definition of '{ctor}'
     1>c:\tahawork\ooplabs\oopproject\main - copy\main\stairs.cpp(21): error C2084: function 'stairs::~stairs(void)' already has a body
                 c:\tahawork\ooplabs\oopproject\main - copy\main\stairs.h(18) : see previous definition of '{dtor}'
     1>c:\tahawork\ooplabs\oopproject\main - copy\main\stairs.cpp(26): error C2084: function 'void stairs::display(void)' already has a body
                 c:\tahawork\ooplabs\oopproject\main - copy\main\stairs.h(20) : see previous definition of 'display'
     1>c:\tahawork\ooplabs\oopproject\main - copy\main\stairs.cpp(27): error C2264: 'operator <<' : error in function definition or declaration; function not called
     1>c:\tahawork\ooplabs\oopproject\main - copy\main\stairs.cpp(27): error C2088: '<<' : illegal for class
     1>c:\tahawork\ooplabs\oopproject\main - copy\main\stairs.cpp(31): error C2084: function 'std::istream &stairs::fileInput(std::istream &)' already has a body
                 c:\tahawork\ooplabs\oopproject\main - copy\main\stairs.h(22) : see previous definition of 'fileInput'
     1>c:\tahawork\ooplabs\oopproject\main - copy\main\stairs.cpp(5): error C2084: function 'stairs::stairs(void)' already has a body
                 c:\tahawork\ooplabs\oopproject\main - copy\main\stairs.h(12) : see previous definition of '{ctor}'
     1>c:\tahawork\ooplabs\oopproject\main - copy\main\stairs.cpp(10): error C2084: function 'stairs::stairs(std::string,int,int)' already has a body
                 c:\tahawork\ooplabs\oopproject\main - copy\main\stairs.h(14) : see previous definition of '{ctor}'
     1>c:\tahawork\ooplabs\oopproject\main - copy\main\stairs.cpp(15): error C2084: function 'stairs::stairs(stairs &)' already has a body
                 c:\tahawork\ooplabs\oopproject\main - copy\main\stairs.h(16) : see previous definition of '{ctor}'
     1>c:\tahawork\ooplabs\oopproject\main - copy\main\stairs.cpp(21): error C2084: function 'stairs::~stairs(void)' already has a body
                 c:\tahawork\ooplabs\oopproject\main - copy\main\stairs.h(18) : see previous definition of '{dtor}'
     1>c:\tahawork\ooplabs\oopproject\main - copy\main\stairs.cpp(26): error C2084: function 'void stairs::display(void)' already has a body
                 c:\tahawork\ooplabs\oopproject\main - copy\main\stairs.h(20) : see previous definition of 'display'
     1>c:\tahawork\ooplabs\oopproject\main - copy\main\stairs.cpp(27): error C2264: 'operator <<' : error in function definition or declaration; function not called
     1>c:\tahawork\ooplabs\oopproject\main - copy\main\stairs.cpp(27): error C2088: '<<' : illegal for class
     1>c:\tahawork\ooplabs\oopproject\main - copy\main\stairs.cpp(31): error C2084: function 'std::istream &stairs::fileInput(std::istream &)' already has a body
                 c:\tahawork\ooplabs\oopproject\main - copy\main\stairs.h(22) : see previous definition of 'fileInput'
     1>c:\tahawork\ooplabs\oopproject\main - copy\main\stairs.cpp(5): error C2084: function 'stairs::stairs(void)' already has a body
                 c:\tahawork\ooplabs\oopproject\main - copy\main\stairs.h(12) : see previous definition of '{ctor}'
     1>c:\tahawork\ooplabs\oopproject\main - copy\main\stairs.cpp(10): error C2084: function 'stairs::stairs(std::string,int,int)' already has a body
                 c:\tahawork\ooplabs\oopproject\main - copy\main\stairs.h(14) : see previous definition of '{ctor}'
     1>c:\tahawork\ooplabs\oopproject\main - copy\main\stairs.cpp(15): error C2084: function 'stairs::stairs(stairs &)' already has a body
                 c:\tahawork\ooplabs\oopproject\main - copy\main\stairs.h(16) : see previous definition of '{ctor}'
     1>c:\tahawork\ooplabs\oopproject\main - copy\main\stairs.cpp(21): error C2084: function 'stairs::~stairs(void)' already has a body
                 c:\tahawork\ooplabs\oopproject\main - copy\main\stairs.h(18) : see previous definition of '{dtor}'
     1>c:\tahawork\ooplabs\oopproject\main - copy\main\stairs.cpp(26): error C2084: function 'void stairs::display(void)' already has a body
                 c:\tahawork\ooplabs\oopproject\main - copy\main\stairs.h(20) : see previous definition of 'display'
     1>c:\tahawork\ooplabs\oopproject\main - copy\main\stairs.cpp(27): error C2264: 'operator <<' : error in function definition or declaration; function not called
     1>c:\tahawork\ooplabs\oopproject\main - copy\main\stairs.cpp(27): error C2088: '<<' : illegal for class
     1>c:\tahawork\ooplabs\oopproject\main - copy\main\stairs.cpp(31): error C2084: function 'std::istream &stairs::fileInput(std::istream &)' already has a body
                 c:\tahawork\ooplabs\oopproject\main - copy\main\stairs.h(22) : see previous definition of 'fileInput'
     1>c:\tahawork\ooplabs\oopproject\main - copy\main\stairs.cpp(5): error C2084: function 'stairs::stairs(void)' already has a body
                 c:\tahawork\ooplabs\oopproject\main - copy\main\stairs.h(12) : see previous definition of '{ctor}'
     1>c:\tahawork\ooplabs\oopproject\main - copy\main\stairs.cpp(10): error C2084: function 'stairs::stairs(std::string,int,int)' already has a body
                 c:\tahawork\ooplabs\oopproject\main - copy\main\stairs.h(14) : see previous definition of '{ctor}'
     1>c:\tahawork\ooplabs\oopproject\main - copy\main\stairs.cpp(15): error C2084: function 'stairs::stairs(stairs &)' already has a body
                 c:\tahawork\ooplabs\oopproject\main - copy\main\stairs.h(16) : see previous definition of '{ctor}'
     1>c:\tahawork\ooplabs\oopproject\main - copy\main\stairs.cpp(21): error C2084: function 'stairs::~stairs(void)' already has a body
                 c:\tahawork\ooplabs\oopproject\main - copy\main\stairs.h(18) : see previous definition of '{dtor}'
     1>c:\tahawork\ooplabs\oopproject\main - copy\main\stairs.cpp(26): error C2084: function 'void stairs::display(void)' already has a body
                 c:\tahawork\ooplabs\oopproject\main - copy\main\stairs.h(20) : see previous definition of 'display'
     1>c:\tahawork\ooplabs\oopproject\main - copy\main\stairs.cpp(27): error C2264: 'operator <<' : error in function definition or declaration; function not called
     1>c:\tahawork\ooplabs\oopproject\main - copy\main\stairs.cpp(27): error C2088: '<<' : illegal for class
     1>c:\tahawork\ooplabs\oopproject\main - copy\main\stairs.cpp(31): error C2084: function 'std::istream &stairs::fileInput(std::istream &)' already has a body
                 c:\tahawork\ooplabs\oopproject\main - copy\main\stairs.h(22) : see previous definition of 'fileInput'
     1>c:\tahawork\ooplabs\oopproject\main - copy\main\stairs.cpp(5): error C2084: function 'stairs::stairs(void)' already has a body
                 c:\tahawork\ooplabs\oopproject\main - copy\main\stairs.h(12) : see previous definition of '{ctor}'
     1>c:\tahawork\ooplabs\oopproject\main - copy\main\stairs.cpp(10): error C2084: function 'stairs::stairs(std::string,int,int)' already has a body
                 c:\tahawork\ooplabs\oopproject\main - copy\main\stairs.h(14) : see previous definition of '{ctor}'
     1>c:\tahawork\ooplabs\oopproject\main - copy\main\stairs.cpp(15): error C2084: function 'stairs::stairs(stairs &)' already has a body
                 c:\tahawork\ooplabs\oopproject\main - copy\main\stairs.h(16) : see previous definition of '{ctor}'
     1>c:\tahawork\ooplabs\oopproject\main - copy\main\stairs.cpp(21): error C2084: function 'stairs::~stairs(void)' already has a body
                 c:\tahawork\ooplabs\oopproject\main - copy\main\stairs.h(18) : see previous definition of '{dtor}'
     1>c:\tahawork\ooplabs\oopproject\main - copy\main\stairs.cpp(26): error C2084: function 'void stairs::display(void)' already has a body
                 c:\tahawork\ooplabs\oopproject\main - copy\main\stairs.h(20) : see previous definition of 'display'
     1>c:\tahawork\ooplabs\oopproject\main - copy\main\stairs.cpp(26): fatal error C1003: error count exceeds 100; stopping compilation
         Generating Code...
     1>c:\tahawork\ooplabs\oopproject\main - copy\main\node.cpp(41): error C4716: 'Node::getroom_code' : must return a value
     1>c:\tahawork\ooplabs\oopproject\main - copy\main\node.cpp(46): error C4716: 'Node::getTeacher_name' : must return a value
     1>c:\tahawork\ooplabs\oopproject\main - copy\main\node.cpp(51): error C4716: 'Node::get_purpose' : must return a value
     1>c:\tahawork\ooplabs\oopproject\main - copy\main\node.cpp(41): error C4716: 'Node::getroom_code' : must return a value
     1>c:\tahawork\ooplabs\oopproject\main - copy\main\node.cpp(46): error C4716: 'Node::getTeacher_name' : must return a value
     1>c:\tahawork\ooplabs\oopproject\main - copy\main\node.cpp(51): error C4716: 'Node::get_purpose' : must return a value
     1>c:\tahawork\ooplabs\oopproject\main - copy\main\room.cpp(38): error C4716: 'room::getTeacher_name' : must return a value
     1>c:\tahawork\ooplabs\oopproject\main - copy\main\room.cpp(43): error C4716: 'room::get_purpose' : must return a value
     1>c:\tahawork\ooplabs\oopproject\main - copy\main\node.cpp(41): error C4716: 'Node::getroom_code' : must return a value
     1>c:\tahawork\ooplabs\oopproject\main - copy\main\node.cpp(46): error C4716: 'Node::getTeacher_name' : must return a value
     1>c:\tahawork\ooplabs\oopproject\main - copy\main\node.cpp(51): error C4716: 'Node::get_purpose' : must return a value
     1>c:\tahawork\ooplabs\oopproject\main - copy\main\room.cpp(38): error C4716: 'room::getTeacher_name' : must return a value
     1>c:\tahawork\ooplabs\oopproject\main - copy\main\room.cpp(43): error C4716: 'room::get_purpose' : must return a value
     1>c:\tahawork\ooplabs\oopproject\main - copy\main\node.cpp(41): error C4716: 'Node::getroom_code' : must return a value
     1>c:\tahawork\ooplabs\oopproject\main - copy\main\node.cpp(46): error C4716: 'Node::getTeacher_name' : must return a value
     1>c:\tahawork\ooplabs\oopproject\main - copy\main\node.cpp(51): error C4716: 'Node::get_purpose' : must return a value
     1>c:\tahawork\ooplabs\oopproject\main - copy\main\room.cpp(38): error C4716: 'room::getTeacher_name' : must return a value
     1>c:\tahawork\ooplabs\oopproject\main - copy\main\room.cpp(43): error C4716: 'room::get_purpose' : must return a value
     1>Done Building Project "C:\tahawork\OOPLabs\OOPPROJECT\main - Copy\main\main.vcxproj" (build target(s)) -- FAILED.

Build FAILED.

Time Elapsed 00:00:03.18
