Build started 4/25/2018 7:05:33 AM.
     1>Project "E:\taha work\OOP Labs\OOP new work\practice\Complex Number\Complex Number\Complex Number.vcxproj" on node 2 (build target(s)).
     1>InitializeBuildStatus:
         Creating "Debug\Complex Number.unsuccessfulbuild" because "AlwaysCreate" was specified.
       ClCompile:
         E:\taha\VC\bin\CL.exe /c /ZI /nologo /W3 /WX- /Od /Oy- /D WIN32 /D _DEBUG /D _CONSOLE /D _UNICODE /D UNICODE /Gm /EHsc /RTC1 /MDd /GS /fp:precise /Zc:wchar_t /Zc:forScope /Yc"StdAfx.h" /Fp"Debug\Complex Number.pch" /Fo"Debug\\" /Fd"Debug\vc100.pdb" /Gd /TP /analyze- /errorReport:prompt stdafx.cpp
         stdafx.cpp
         E:\taha\VC\bin\CL.exe /c /ZI /nologo /W3 /WX- /Od /Oy- /D WIN32 /D _DEBUG /D _CONSOLE /D _UNICODE /D UNICODE /Gm /EHsc /RTC1 /MDd /GS /fp:precise /Zc:wchar_t /Zc:forScope /Yu"StdAfx.h" /Fp"Debug\Complex Number.pch" /Fo"Debug\\" /Fd"Debug\vc100.pdb" /Gd /TP /analyze- /errorReport:prompt "Complex Number.cpp"
         Complex Number.cpp
     1>e:\taha work\oop labs\oop new work\practice\complex number\complex number\complex number.cpp(9): warning C4305: 'argument' : truncation from 'double' to 'float'
     1>e:\taha work\oop labs\oop new work\practice\complex number\complex number\complex number.cpp(9): warning C4305: 'argument' : truncation from 'double' to 'float'
     1>e:\taha work\oop labs\oop new work\practice\complex number\complex number\complex number.cpp(18): warning C4305: 'argument' : truncation from 'double' to 'float'
       ManifestResourceCompile:
         C:\Program Files (x86)\Microsoft SDKs\Windows\v7.0A\bin\rc.exe /nologo /fo"Debug\Complex Number.exe.embed.manifest.res" "Debug\Complex Number_manifest.rc" 
       Link:
         E:\taha\VC\bin\link.exe /ERRORREPORT:PROMPT /OUT:"E:\taha work\OOP Labs\OOP new work\practice\Complex Number\Debug\Complex Number.exe" /INCREMENTAL /NOLOGO kernel32.lib user32.lib gdi32.lib winspool.lib comdlg32.lib advapi32.lib shell32.lib ole32.lib oleaut32.lib uuid.lib odbc32.lib odbccp32.lib /MANIFEST /ManifestFile:"Debug\Complex Number.exe.intermediate.manifest" /MANIFESTUAC:"level='asInvoker' uiAccess='false'" /DEBUG /PDB:"E:\taha work\OOP Labs\OOP new work\practice\Complex Number\Debug\Complex Number.pdb" /SUBSYSTEM:CONSOLE /TLBID:1 /DYNAMICBASE /NXCOMPAT /IMPLIB:"E:\taha work\OOP Labs\OOP new work\practice\Complex Number\Debug\Complex Number.lib" /MACHINE:X86 "Debug\Complex Number.exe.embed.manifest.res"
         "Debug\Complex Number.obj"
         Debug\stdafx.obj
         LINK : E:\taha work\OOP Labs\OOP new work\practice\Complex Number\Debug\Complex Number.exe not found or not built by the last incremental link; performing full link
       Manifest:
         C:\Program Files (x86)\Microsoft SDKs\Windows\v7.0A\bin\mt.exe /nologo /verbose /out:"Debug\Complex Number.exe.embed.manifest" /manifest "Debug\Complex Number.exe.intermediate.manifest"
         All outputs are up-to-date.
       LinkEmbedManifest:
         All outputs are up-to-date.
         Complex Number.vcxproj -> E:\taha work\OOP Labs\OOP new work\practice\Complex Number\Debug\Complex Number.exe
       FinalizeBuildStatus:
         Deleting file "Debug\Complex Number.unsuccessfulbuild".
         Touching "Debug\Complex Number.lastbuildstate".
     1>Done Building Project "E:\taha work\OOP Labs\OOP new work\practice\Complex Number\Complex Number\Complex Number.vcxproj" (build target(s)).

Build succeeded.

Time Elapsed 00:00:04.73
