Build started 5/8/2018 11:55:55 AM.
     1>Project "C:\taha work\OOP Labs\Lab -05\Lab -05\LAb #05(improved)\vector\vector\vector.vcxproj" on node 2 (build target(s)).
     1>InitializeBuildStatus:
         Creating "Debug\vector.unsuccessfulbuild" because "AlwaysCreate" was specified.
       ClCompile:
         All outputs are up-to-date.
         C:\Program Files (x86)\Microsoft Visual Studio 10.0\VC\bin\CL.exe /c /ZI /nologo /W3 /WX- /Od /Oy- /D WIN32 /D _DEBUG /D _CONSOLE /D _UNICODE /D UNICODE /Gm /EHsc /RTC1 /MDd /GS /fp:precise /Zc:wchar_t /Zc:forScope /Fo"Debug\\" /Fd"Debug\vc100.pdb" /Gd /TP /analyze- /errorReport:prompt main.cpp
         main.cpp
       ManifestResourceCompile:
         All outputs are up-to-date.
       Link:
         C:\Program Files (x86)\Microsoft Visual Studio 10.0\VC\bin\link.exe /ERRORREPORT:PROMPT /OUT:"C:\taha work\OOP Labs\Lab -05\Lab -05\LAb #05(improved)\vector\Debug\vector.exe" /INCREMENTAL /NOLOGO kernel32.lib user32.lib gdi32.lib winspool.lib comdlg32.lib advapi32.lib shell32.lib ole32.lib oleaut32.lib uuid.lib odbc32.lib odbccp32.lib /MANIFEST /ManifestFile:"Debug\vector.exe.intermediate.manifest" /MANIFESTUAC:"level='asInvoker' uiAccess='false'" /DEBUG /PDB:"C:\taha work\OOP Labs\Lab -05\Lab -05\LAb #05(improved)\vector\Debug\vector.pdb" /SUBSYSTEM:CONSOLE /TLBID:1 /DYNAMICBASE /NXCOMPAT /IMPLIB:"C:\taha work\OOP Labs\Lab -05\Lab -05\LAb #05(improved)\vector\Debug\vector.lib" /MACHINE:X86 Debug\vector.exe.embed.manifest.res
         Debug\main.obj
         Debug\stdafx.obj
       Manifest:
         C:\Program Files (x86)\Microsoft SDKs\Windows\v7.0A\bin\mt.exe /nologo /verbose /out:"Debug\vector.exe.embed.manifest" /manifest Debug\vector.exe.intermediate.manifest
         All outputs are up-to-date.
       LinkEmbedManifest:
         All outputs are up-to-date.
         vector.vcxproj -> C:\taha work\OOP Labs\Lab -05\Lab -05\LAb #05(improved)\vector\Debug\vector.exe
       FinalizeBuildStatus:
         Deleting file "Debug\vector.unsuccessfulbuild".
         Touching "Debug\vector.lastbuildstate".
     1>Done Building Project "C:\taha work\OOP Labs\Lab -05\Lab -05\LAb #05(improved)\vector\vector\vector.vcxproj" (build target(s)).

Build succeeded.

Time Elapsed 00:00:00.96
