Build started 6/2/2018 7:01:32 AM.
     1>Project "C:\taha work\OOP Labs\Lab-07\dvdwaala\dvdwaala\dvdwaala.vcxproj" on node 2 (build target(s)).
     1>InitializeBuildStatus:
         Creating "Debug\dvdwaala.unsuccessfulbuild" because "AlwaysCreate" was specified.
       ClCompile:
         C:\Program Files (x86)\Microsoft Visual Studio 10.0\VC\bin\CL.exe /c /ZI /nologo /W3 /WX- /Od /Oy- /D WIN32 /D _DEBUG /D _CONSOLE /D _UNICODE /D UNICODE /Gm /EHsc /RTC1 /MDd /GS /fp:precise /Zc:wchar_t /Zc:forScope /Yc"StdAfx.h" /Fp"Debug\dvdwaala.pch" /Fo"Debug\\" /Fd"Debug\vc100.pdb" /Gd /TP /analyze- /errorReport:prompt stdafx.cpp
         stdafx.cpp
         C:\Program Files (x86)\Microsoft Visual Studio 10.0\VC\bin\CL.exe /c /ZI /nologo /W3 /WX- /Od /Oy- /D WIN32 /D _DEBUG /D _CONSOLE /D _UNICODE /D UNICODE /Gm /EHsc /RTC1 /MDd /GS /fp:precise /Zc:wchar_t /Zc:forScope /Yu"StdAfx.h" /Fp"Debug\dvdwaala.pch" /Fo"Debug\\" /Fd"Debug\vc100.pdb" /Gd /TP /analyze- /errorReport:prompt dvdwaala.cpp
         dvdwaala.cpp
       ManifestResourceCompile:
         C:\Program Files (x86)\Microsoft SDKs\Windows\v7.0A\bin\rc.exe /nologo /fo"Debug\dvdwaala.exe.embed.manifest.res" Debug\dvdwaala_manifest.rc 
       Link:
         C:\Program Files (x86)\Microsoft Visual Studio 10.0\VC\bin\link.exe /ERRORREPORT:PROMPT /OUT:"C:\taha work\OOP Labs\Lab-07\dvdwaala\Debug\dvdwaala.exe" /INCREMENTAL /NOLOGO kernel32.lib user32.lib gdi32.lib winspool.lib comdlg32.lib advapi32.lib shell32.lib ole32.lib oleaut32.lib uuid.lib odbc32.lib odbccp32.lib /MANIFEST /ManifestFile:"Debug\dvdwaala.exe.intermediate.manifest" /MANIFESTUAC:"level='asInvoker' uiAccess='false'" /DEBUG /PDB:"C:\taha work\OOP Labs\Lab-07\dvdwaala\Debug\dvdwaala.pdb" /SUBSYSTEM:CONSOLE /TLBID:1 /DYNAMICBASE /NXCOMPAT /IMPLIB:"C:\taha work\OOP Labs\Lab-07\dvdwaala\Debug\dvdwaala.lib" /MACHINE:X86 Debug\dvdwaala.exe.embed.manifest.res
         Debug\dvdwaala.obj
         Debug\stdafx.obj
       Manifest:
         Deleting file "Debug\dvdwaala.exe.embed.manifest".
         C:\Program Files (x86)\Microsoft SDKs\Windows\v7.0A\bin\mt.exe /nologo /verbose /out:"Debug\dvdwaala.exe.embed.manifest" /manifest Debug\dvdwaala.exe.intermediate.manifest
         C:\Program Files (x86)\Microsoft SDKs\Windows\v7.0A\bin\rc.exe /nologo /fo"Debug\dvdwaala.exe.embed.manifest.res" Debug\dvdwaala_manifest.rc 
       LinkEmbedManifest:
         C:\Program Files (x86)\Microsoft Visual Studio 10.0\VC\bin\link.exe /ERRORREPORT:PROMPT /OUT:"C:\taha work\OOP Labs\Lab-07\dvdwaala\Debug\dvdwaala.exe" /INCREMENTAL /NOLOGO kernel32.lib user32.lib gdi32.lib winspool.lib comdlg32.lib advapi32.lib shell32.lib ole32.lib oleaut32.lib uuid.lib odbc32.lib odbccp32.lib /MANIFEST /ManifestFile:"Debug\dvdwaala.exe.intermediate.manifest" /MANIFESTUAC:"level='asInvoker' uiAccess='false'" /DEBUG /PDB:"C:\taha work\OOP Labs\Lab-07\dvdwaala\Debug\dvdwaala.pdb" /SUBSYSTEM:CONSOLE /TLBID:1 /DYNAMICBASE /NXCOMPAT /IMPLIB:"C:\taha work\OOP Labs\Lab-07\dvdwaala\Debug\dvdwaala.lib" /MACHINE:X86 Debug\dvdwaala.exe.embed.manifest.res
         Debug\dvdwaala.obj
         Debug\stdafx.obj
         dvdwaala.vcxproj -> C:\taha work\OOP Labs\Lab-07\dvdwaala\Debug\dvdwaala.exe
       FinalizeBuildStatus:
         Deleting file "Debug\dvdwaala.unsuccessfulbuild".
         Touching "Debug\dvdwaala.lastbuildstate".
     1>Done Building Project "C:\taha work\OOP Labs\Lab-07\dvdwaala\dvdwaala\dvdwaala.vcxproj" (build target(s)).

Build succeeded.

Time Elapsed 00:00:03.63
