Build started 6/2/2018 5:29:31 AM.
     1>Project "C:\taha work\OOP Labs\Desk\top\top\top.vcxproj" on node 2 (build target(s)).
     1>InitializeBuildStatus:
         Touching "Debug\top.unsuccessfulbuild".
       ClCompile:
         All outputs are up-to-date.
         C:\Program Files (x86)\Microsoft Visual Studio 10.0\VC\bin\CL.exe /c /ZI /nologo /W3 /WX- /Od /Oy- /D WIN32 /D _DEBUG /D _CONSOLE /D _UNICODE /D UNICODE /Gm /EHsc /RTC1 /MDd /GS /fp:precise /Zc:wchar_t /Zc:forScope /Fo"Debug\\" /Fd"Debug\vc100.pdb" /Gd /TP /analyze- /errorReport:prompt top.cpp
         top.cpp
       ManifestResourceCompile:
         C:\Program Files (x86)\Microsoft SDKs\Windows\v7.0A\bin\rc.exe /nologo /fo"Debug\top.exe.embed.manifest.res" Debug\top_manifest.rc 
       Link:
         C:\Program Files (x86)\Microsoft Visual Studio 10.0\VC\bin\link.exe /ERRORREPORT:PROMPT /OUT:"C:\taha work\OOP Labs\Desk\top\Debug\top.exe" /INCREMENTAL /NOLOGO kernel32.lib user32.lib gdi32.lib winspool.lib comdlg32.lib advapi32.lib shell32.lib ole32.lib oleaut32.lib uuid.lib odbc32.lib odbccp32.lib /MANIFEST /ManifestFile:"Debug\top.exe.intermediate.manifest" /MANIFESTUAC:"level='asInvoker' uiAccess='false'" /DEBUG /PDB:"C:\taha work\OOP Labs\Desk\top\Debug\top.pdb" /SUBSYSTEM:CONSOLE /TLBID:1 /DYNAMICBASE /NXCOMPAT /IMPLIB:"C:\taha work\OOP Labs\Desk\top\Debug\top.lib" /MACHINE:X86 Debug\top.exe.embed.manifest.res
         Debug\stdafx.obj
         Debug\top.obj
       Manifest:
         C:\Program Files (x86)\Microsoft SDKs\Windows\v7.0A\bin\mt.exe /nologo /verbose /out:"Debug\top.exe.embed.manifest" /manifest Debug\top.exe.intermediate.manifest
         C:\Program Files (x86)\Microsoft SDKs\Windows\v7.0A\bin\rc.exe /nologo /fo"Debug\top.exe.embed.manifest.res" Debug\top_manifest.rc 
       LinkEmbedManifest:
         C:\Program Files (x86)\Microsoft Visual Studio 10.0\VC\bin\link.exe /ERRORREPORT:PROMPT /OUT:"C:\taha work\OOP Labs\Desk\top\Debug\top.exe" /INCREMENTAL /NOLOGO kernel32.lib user32.lib gdi32.lib winspool.lib comdlg32.lib advapi32.lib shell32.lib ole32.lib oleaut32.lib uuid.lib odbc32.lib odbccp32.lib /MANIFEST /ManifestFile:"Debug\top.exe.intermediate.manifest" /MANIFESTUAC:"level='asInvoker' uiAccess='false'" /DEBUG /PDB:"C:\taha work\OOP Labs\Desk\top\Debug\top.pdb" /SUBSYSTEM:CONSOLE /TLBID:1 /DYNAMICBASE /NXCOMPAT /IMPLIB:"C:\taha work\OOP Labs\Desk\top\Debug\top.lib" /MACHINE:X86 Debug\top.exe.embed.manifest.res
         Debug\stdafx.obj
         Debug\top.obj
         top.vcxproj -> C:\taha work\OOP Labs\Desk\top\Debug\top.exe
       FinalizeBuildStatus:
         Deleting file "Debug\top.unsuccessfulbuild".
         Touching "Debug\top.lastbuildstate".
     1>Done Building Project "C:\taha work\OOP Labs\Desk\top\top\top.vcxproj" (build target(s)).

Build succeeded.

Time Elapsed 00:00:03.07
