Build started 5/3/2018 6:54:35 PM.
     1>Project "E:\taha work\OOP Labs\Lab -02\modifyCar\Car\Car\Car.vcxproj" on node 2 (build target(s)).
     1>InitializeBuildStatus:
         Touching "Debug\Car.unsuccessfulbuild".
       ClCompile:
         All outputs are up-to-date.
         e:\taha\VC\bin\CL.exe /c /ZI /nologo /W3 /WX- /Od /Oy- /D WIN32 /D _DEBUG /D _CONSOLE /D _UNICODE /D UNICODE /Gm /EHsc /RTC1 /MDd /GS /fp:precise /Zc:wchar_t /Zc:forScope /Fo"Debug\\" /Fd"Debug\vc100.pdb" /Gd /TP /analyze- /errorReport:prompt Car.cpp
         Car.cpp
     1>e:\taha work\oop labs\lab -02\modifycar\car\car\car.h(13): warning C4305: '=' : truncation from 'double' to 'float'
     1>e:\taha work\oop labs\lab -02\modifycar\car\car\car.cpp(7): warning C4101: 'm' : unreferenced local variable
       ManifestResourceCompile:
         All outputs are up-to-date.
       Link:
         e:\taha\VC\bin\link.exe /ERRORREPORT:PROMPT /OUT:"E:\taha work\OOP Labs\Lab -02\modifyCar\Car\Debug\Car.exe" /INCREMENTAL /NOLOGO kernel32.lib user32.lib gdi32.lib winspool.lib comdlg32.lib advapi32.lib shell32.lib ole32.lib oleaut32.lib uuid.lib odbc32.lib odbccp32.lib /MANIFEST /ManifestFile:"Debug\Car.exe.intermediate.manifest" /MANIFESTUAC:"level='asInvoker' uiAccess='false'" /DEBUG /PDB:"E:\taha work\OOP Labs\Lab -02\modifyCar\Car\Debug\Car.pdb" /SUBSYSTEM:CONSOLE /TLBID:1 /DYNAMICBASE /NXCOMPAT /IMPLIB:"E:\taha work\OOP Labs\Lab -02\modifyCar\Car\Debug\Car.lib" /MACHINE:X86 Debug\Car.exe.embed.manifest.res
         Debug\Car.obj
         Debug\stdafx.obj
       Manifest:
         C:\Program Files (x86)\Microsoft SDKs\Windows\v7.0A\bin\mt.exe /nologo /verbose /out:"Debug\Car.exe.embed.manifest" /manifest Debug\Car.exe.intermediate.manifest
         All outputs are up-to-date.
       LinkEmbedManifest:
         All outputs are up-to-date.
         Car.vcxproj -> E:\taha work\OOP Labs\Lab -02\modifyCar\Car\Debug\Car.exe
       FinalizeBuildStatus:
         Deleting file "Debug\Car.unsuccessfulbuild".
         Touching "Debug\Car.lastbuildstate".
     1>Done Building Project "E:\taha work\OOP Labs\Lab -02\modifyCar\Car\Car\Car.vcxproj" (build target(s)).

Build succeeded.

Time Elapsed 00:00:02.20
