Build started 3/25/2018 7:56:30 AM.
     1>Project "C:\TAHA WORK\OOP Labs\Lab -02\Stock Item\StockItem\StockItem\StockItem.vcxproj" on node 2 (build target(s)).
     1>InitializeBuildStatus:
         Creating "Debug\StockItem.unsuccessfulbuild" because "AlwaysCreate" was specified.
       ClCompile:
         All outputs are up-to-date.
         C:\Program Files (x86)\Microsoft Visual Studio 10.0\VC\bin\CL.exe /c /ZI /nologo /W3 /WX- /Od /Oy- /D WIN32 /D _DEBUG /D _CONSOLE /D _UNICODE /D UNICODE /Gm /EHsc /RTC1 /MDd /GS /fp:precise /Zc:wchar_t /Zc:forScope /Fo"Debug\\" /Fd"Debug\vc100.pdb" /Gd /TP /analyze- /errorReport:prompt StockItem.cpp
         StockItem.cpp
     1>c:\taha work\oop labs\lab -02\stock item\stockitem\stockitem\stock.h(16): warning C4244: 'return' : conversion from 'float' to 'int', possible loss of data
       ManifestResourceCompile:
         All outputs are up-to-date.
       Link:
         C:\Program Files (x86)\Microsoft Visual Studio 10.0\VC\bin\link.exe /ERRORREPORT:PROMPT /OUT:"C:\TAHA WORK\OOP Labs\Lab -02\Stock Item\StockItem\Debug\StockItem.exe" /INCREMENTAL /NOLOGO kernel32.lib user32.lib gdi32.lib winspool.lib comdlg32.lib advapi32.lib shell32.lib ole32.lib oleaut32.lib uuid.lib odbc32.lib odbccp32.lib /MANIFEST /ManifestFile:"Debug\StockItem.exe.intermediate.manifest" /MANIFESTUAC:"level='asInvoker' uiAccess='false'" /DEBUG /PDB:"C:\TAHA WORK\OOP Labs\Lab -02\Stock Item\StockItem\Debug\StockItem.pdb" /SUBSYSTEM:CONSOLE /TLBID:1 /DYNAMICBASE /NXCOMPAT /IMPLIB:"C:\TAHA WORK\OOP Labs\Lab -02\Stock Item\StockItem\Debug\StockItem.lib" /MACHINE:X86 Debug\StockItem.exe.embed.manifest.res
         Debug\stdafx.obj
         Debug\StockItem.obj
       Manifest:
         C:\Program Files (x86)\Microsoft SDKs\Windows\v7.0A\bin\mt.exe /nologo /verbose /out:"Debug\StockItem.exe.embed.manifest" /manifest Debug\StockItem.exe.intermediate.manifest
         All outputs are up-to-date.
       LinkEmbedManifest:
         All outputs are up-to-date.
         StockItem.vcxproj -> C:\TAHA WORK\OOP Labs\Lab -02\Stock Item\StockItem\Debug\StockItem.exe
       FinalizeBuildStatus:
         Deleting file "Debug\StockItem.unsuccessfulbuild".
         Touching "Debug\StockItem.lastbuildstate".
     1>Done Building Project "C:\TAHA WORK\OOP Labs\Lab -02\Stock Item\StockItem\StockItem\StockItem.vcxproj" (build target(s)).

Build succeeded.

Time Elapsed 00:00:00.87
