Build started 4/25/2018 8:00:10 AM.
     1>Project "E:\taha work\OOP Labs\OOP new work\practice\dvdwaala\dvdwaala\dvdwaala.vcxproj" on node 2 (build target(s)).
     1>InitializeBuildStatus:
         Creating "Debug\dvdwaala.unsuccessfulbuild" because "AlwaysCreate" was specified.
       ClCompile:
         E:\taha\VC\bin\CL.exe /c /ZI /nologo /W3 /WX- /Od /Oy- /D WIN32 /D _DEBUG /D _CONSOLE /D _UNICODE /D UNICODE /Gm /EHsc /RTC1 /MDd /GS /fp:precise /Zc:wchar_t /Zc:forScope /Yc"StdAfx.h" /Fp"Debug\dvdwaala.pch" /Fo"Debug\\" /Fd"Debug\vc100.pdb" /Gd /TP /analyze- /errorReport:prompt stdafx.cpp
         stdafx.cpp
         E:\taha\VC\bin\CL.exe /c /ZI /nologo /W3 /WX- /Od /Oy- /D WIN32 /D _DEBUG /D _CONSOLE /D _UNICODE /D UNICODE /Gm /EHsc /RTC1 /MDd /GS /fp:precise /Zc:wchar_t /Zc:forScope /Yu"StdAfx.h" /Fp"Debug\dvdwaala.pch" /Fo"Debug\\" /Fd"Debug\vc100.pdb" /Gd /TP /analyze- /errorReport:prompt dvdwaala.cpp
         dvdwaala.cpp
       ManifestResourceCompile:
         C:\Program Files (x86)\Microsoft SDKs\Windows\v7.0A\bin\rc.exe /nologo /fo"Debug\dvdwaala.exe.embed.manifest.res" Debug\dvdwaala_manifest.rc 
       Link:
         E:\taha\VC\bin\link.exe /ERRORREPORT:PROMPT /OUT:"E:\taha work\OOP Labs\OOP new work\practice\dvdwaala\Debug\dvdwaala.exe" /INCREMENTAL /NOLOGO kernel32.lib user32.lib gdi32.lib winspool.lib comdlg32.lib advapi32.lib shell32.lib ole32.lib oleaut32.lib uuid.lib odbc32.lib odbccp32.lib /MANIFEST /ManifestFile:"Debug\dvdwaala.exe.intermediate.manifest" /MANIFESTUAC:"level='asInvoker' uiAccess='false'" /DEBUG /PDB:"E:\taha work\OOP Labs\OOP new work\practice\dvdwaala\Debug\dvdwaala.pdb" /SUBSYSTEM:CONSOLE /TLBID:1 /DYNAMICBASE /NXCOMPAT /IMPLIB:"E:\taha work\OOP Labs\OOP new work\practice\dvdwaala\Debug\dvdwaala.lib" /MACHINE:X86 Debug\dvdwaala.exe.embed.manifest.res
         Debug\dvdwaala.obj
         Debug\stdafx.obj
         LINK : E:\taha work\OOP Labs\OOP new work\practice\dvdwaala\Debug\dvdwaala.exe not found or not built by the last incremental link; performing full link
       Manifest:
         C:\Program Files (x86)\Microsoft SDKs\Windows\v7.0A\bin\mt.exe /nologo /verbose /out:"Debug\dvdwaala.exe.embed.manifest" /manifest Debug\dvdwaala.exe.intermediate.manifest
         All outputs are up-to-date.
       LinkEmbedManifest:
         All outputs are up-to-date.
         dvdwaala.vcxproj -> E:\taha work\OOP Labs\OOP new work\practice\dvdwaala\Debug\dvdwaala.exe
       FinalizeBuildStatus:
         Deleting file "Debug\dvdwaala.unsuccessfulbuild".
         Touching "Debug\dvdwaala.lastbuildstate".
     1>Done Building Project "E:\taha work\OOP Labs\OOP new work\practice\dvdwaala\dvdwaala\dvdwaala.vcxproj" (build target(s)).

Build succeeded.

Time Elapsed 00:00:06.17
