Build started 5/5/2018 5:27:28 PM.
     1>Project "C:\taha work\OOP Labs\Lab-04\Lab -04 modify\Complex\Complex\Complex.vcxproj" on node 2 (build target(s)).
     1>InitializeBuildStatus:
         Creating "Debug\Complex.unsuccessfulbuild" because "AlwaysCreate" was specified.
       ClCompile:
         C:\Program Files (x86)\Microsoft Visual Studio 10.0\VC\bin\CL.exe /c /ZI /nologo /W3 /WX- /Od /Oy- /D WIN32 /D _DEBUG /D _CONSOLE /D _UNICODE /D UNICODE /Gm /EHsc /RTC1 /MDd /GS /fp:precise /Zc:wchar_t /Zc:forScope /Yc"StdAfx.h" /Fp"Debug\Complex.pch" /Fo"Debug\\" /Fd"Debug\vc100.pdb" /Gd /TP /analyze- /errorReport:prompt stdafx.cpp
         stdafx.cpp
         C:\Program Files (x86)\Microsoft Visual Studio 10.0\VC\bin\CL.exe /c /ZI /nologo /W3 /WX- /Od /Oy- /D WIN32 /D _DEBUG /D _CONSOLE /D _UNICODE /D UNICODE /Gm /EHsc /RTC1 /MDd /GS /fp:precise /Zc:wchar_t /Zc:forScope /Fo"Debug\\" /Fd"Debug\vc100.pdb" /Gd /TP /analyze- /errorReport:prompt Complex.cpp
         Complex.cpp
       ManifestResourceCompile:
         C:\Program Files (x86)\Microsoft SDKs\Windows\v7.0A\bin\rc.exe /nologo /fo"Debug\Complex.exe.embed.manifest.res" Debug\Complex_manifest.rc 
       Link:
         C:\Program Files (x86)\Microsoft Visual Studio 10.0\VC\bin\link.exe /ERRORREPORT:PROMPT /OUT:"C:\taha work\OOP Labs\Lab-04\Lab -04 modify\Complex\Debug\Complex.exe" /INCREMENTAL /NOLOGO kernel32.lib user32.lib gdi32.lib winspool.lib comdlg32.lib advapi32.lib shell32.lib ole32.lib oleaut32.lib uuid.lib odbc32.lib odbccp32.lib /MANIFEST /ManifestFile:"Debug\Complex.exe.intermediate.manifest" /MANIFESTUAC:"level='asInvoker' uiAccess='false'" /DEBUG /PDB:"C:\taha work\OOP Labs\Lab-04\Lab -04 modify\Complex\Debug\Complex.pdb" /SUBSYSTEM:CONSOLE /TLBID:1 /DYNAMICBASE /NXCOMPAT /IMPLIB:"C:\taha work\OOP Labs\Lab-04\Lab -04 modify\Complex\Debug\Complex.lib" /MACHINE:X86 Debug\Complex.exe.embed.manifest.res
         Debug\Complex.obj
         Debug\stdafx.obj
       Manifest:
         Deleting file "Debug\Complex.exe.embed.manifest".
         C:\Program Files (x86)\Microsoft SDKs\Windows\v7.0A\bin\mt.exe /nologo /verbose /out:"Debug\Complex.exe.embed.manifest" /manifest Debug\Complex.exe.intermediate.manifest
         C:\Program Files (x86)\Microsoft SDKs\Windows\v7.0A\bin\rc.exe /nologo /fo"Debug\Complex.exe.embed.manifest.res" Debug\Complex_manifest.rc 
       LinkEmbedManifest:
         C:\Program Files (x86)\Microsoft Visual Studio 10.0\VC\bin\link.exe /ERRORREPORT:PROMPT /OUT:"C:\taha work\OOP Labs\Lab-04\Lab -04 modify\Complex\Debug\Complex.exe" /INCREMENTAL /NOLOGO kernel32.lib user32.lib gdi32.lib winspool.lib comdlg32.lib advapi32.lib shell32.lib ole32.lib oleaut32.lib uuid.lib odbc32.lib odbccp32.lib /MANIFEST /ManifestFile:"Debug\Complex.exe.intermediate.manifest" /MANIFESTUAC:"level='asInvoker' uiAccess='false'" /DEBUG /PDB:"C:\taha work\OOP Labs\Lab-04\Lab -04 modify\Complex\Debug\Complex.pdb" /SUBSYSTEM:CONSOLE /TLBID:1 /DYNAMICBASE /NXCOMPAT /IMPLIB:"C:\taha work\OOP Labs\Lab-04\Lab -04 modify\Complex\Debug\Complex.lib" /MACHINE:X86 Debug\Complex.exe.embed.manifest.res
         Debug\Complex.obj
         Debug\stdafx.obj
         Complex.vcxproj -> C:\taha work\OOP Labs\Lab-04\Lab -04 modify\Complex\Debug\Complex.exe
       FinalizeBuildStatus:
         Deleting file "Debug\Complex.unsuccessfulbuild".
         Touching "Debug\Complex.lastbuildstate".
     1>Done Building Project "C:\taha work\OOP Labs\Lab-04\Lab -04 modify\Complex\Complex\Complex.vcxproj" (build target(s)).

Build succeeded.

Time Elapsed 00:00:03.02
