Build started 3/25/2018 8:48:00 AM.
     1>Project "C:\TAHA WORK\taha work\Files\LAB.vcxproj" on node 2 (build target(s)).
     1>InitializeBuildStatus:
         Creating "Debug\LAB.unsuccessfulbuild" because "AlwaysCreate" was specified.
       ClCompile:
         C:\Program Files (x86)\Microsoft Visual Studio 10.0\VC\bin\CL.exe /c /ZI /nologo /W3 /WX- /Od /Oy- /D WIN32 /D _DEBUG /D _CONSOLE /D _UNICODE /D UNICODE /Gm /EHsc /RTC1 /MDd /GS /fp:precise /Zc:wchar_t /Zc:forScope /Fo"Debug\\" /Fd"Debug\vc100.pdb" /Gd /TP /analyze- /errorReport:prompt Complex.cpp
         Complex.cpp
     1>c:\taha work\taha work\files\complex.h(10): warning C4244: '=' : conversion from 'float' to 'int', possible loss of data
     1>c:\taha work\taha work\files\complex.h(11): warning C4244: '=' : conversion from 'float' to 'int', possible loss of data
     1>c:\taha work\taha work\files\complex.h(25): warning C4244: 'return' : conversion from 'int' to 'float', possible loss of data
     1>c:\taha work\taha work\files\complex.h(29): warning C4244: 'return' : conversion from 'int' to 'float', possible loss of data
     1>c:\taha work\taha work\files\complex.h(35): warning C4244: '=' : conversion from 'float' to 'int', possible loss of data
     1>c:\taha work\taha work\files\complex.h(41): warning C4244: '=' : conversion from 'float' to 'int', possible loss of data
       ManifestResourceCompile:
         All outputs are up-to-date.
       Link:
         C:\Program Files (x86)\Microsoft Visual Studio 10.0\VC\bin\link.exe /ERRORREPORT:PROMPT /OUT:"C:\TAHA WORK\taha work\Files\Debug\LAB.exe" /INCREMENTAL /NOLOGO kernel32.lib user32.lib gdi32.lib winspool.lib comdlg32.lib advapi32.lib shell32.lib ole32.lib oleaut32.lib uuid.lib odbc32.lib odbccp32.lib /MANIFEST /ManifestFile:"Debug\LAB.exe.intermediate.manifest" /MANIFESTUAC:"level='asInvoker' uiAccess='false'" /DEBUG /PDB:"C:\TAHA WORK\taha work\Files\Debug\LAB.pdb" /SUBSYSTEM:CONSOLE /TLBID:1 /DYNAMICBASE /NXCOMPAT /IMPLIB:"C:\TAHA WORK\taha work\Files\Debug\LAB.lib" /MACHINE:X86 Debug\LAB.exe.embed.manifest.res
         Debug\Complex.obj
       Manifest:
         C:\Program Files (x86)\Microsoft SDKs\Windows\v7.0A\bin\mt.exe /nologo /verbose /out:"Debug\LAB.exe.embed.manifest" /manifest Debug\LAB.exe.intermediate.manifest
         All outputs are up-to-date.
       LinkEmbedManifest:
         All outputs are up-to-date.
         LAB.vcxproj -> C:\TAHA WORK\taha work\Files\Debug\LAB.exe
       FinalizeBuildStatus:
         Deleting file "Debug\LAB.unsuccessfulbuild".
         Touching "Debug\LAB.lastbuildstate".
     1>Done Building Project "C:\TAHA WORK\taha work\Files\LAB.vcxproj" (build target(s)).

Build succeeded.

Time Elapsed 00:00:00.82
