Build started 4/25/2018 7:10:38 AM.
     1>Project "E:\taha work\OOP Labs\OOP new work\practice\Practice\Practice\Practice.vcxproj" on node 2 (build target(s)).
     1>InitializeBuildStatus:
         Touching "Debug\Practice.unsuccessfulbuild".
       ClCompile:
         All outputs are up-to-date.
         E:\taha\VC\bin\CL.exe /c /ZI /nologo /W3 /WX- /Od /Oy- /D WIN32 /D _DEBUG /D _CONSOLE /D _UNICODE /D UNICODE /Gm /EHsc /RTC1 /MDd /GS /fp:precise /Zc:wchar_t /Zc:forScope /Yu"StdAfx.h" /Fp"Debug\Practice.pch" /Fo"Debug\\" /Fd"Debug\vc100.pdb" /Gd /TP /analyze- /errorReport:prompt Practice.cpp
         Practice.cpp
     1>e:\taha work\oop labs\oop new work\practice\practice\practice\point.h(58): warning C4244: 'initializing' : conversion from 'double' to 'float', possible loss of data
     1>e:\taha work\oop labs\oop new work\practice\practice\practice\point.h(59): warning C4244: 'initializing' : conversion from 'double' to 'float', possible loss of data
     1>e:\taha work\oop labs\oop new work\practice\practice\practice\point.h(68): warning C4244: 'argument' : conversion from 'double' to 'float', possible loss of data
     1>e:\taha work\oop labs\oop new work\practice\practice\practice\point.h(68): warning C4244: 'argument' : conversion from 'double' to 'float', possible loss of data
       ManifestResourceCompile:
         C:\Program Files (x86)\Microsoft SDKs\Windows\v7.0A\bin\rc.exe /nologo /fo"Debug\Practice.exe.embed.manifest.res" Debug\Practice_manifest.rc 
       Link:
         E:\taha\VC\bin\link.exe /ERRORREPORT:PROMPT /OUT:"E:\taha work\OOP Labs\OOP new work\practice\Practice\Debug\Practice.exe" /INCREMENTAL /NOLOGO kernel32.lib user32.lib gdi32.lib winspool.lib comdlg32.lib advapi32.lib shell32.lib ole32.lib oleaut32.lib uuid.lib odbc32.lib odbccp32.lib /MANIFEST /ManifestFile:"Debug\Practice.exe.intermediate.manifest" /MANIFESTUAC:"level='asInvoker' uiAccess='false'" /DEBUG /PDB:"E:\taha work\OOP Labs\OOP new work\practice\Practice\Debug\Practice.pdb" /SUBSYSTEM:CONSOLE /TLBID:1 /DYNAMICBASE /NXCOMPAT /IMPLIB:"E:\taha work\OOP Labs\OOP new work\practice\Practice\Debug\Practice.lib" /MACHINE:X86 Debug\Practice.exe.embed.manifest.res
         Debug\Practice.obj
         Debug\stdafx.obj
       Manifest:
         C:\Program Files (x86)\Microsoft SDKs\Windows\v7.0A\bin\mt.exe /nologo /verbose /out:"Debug\Practice.exe.embed.manifest" /manifest Debug\Practice.exe.intermediate.manifest
         C:\Program Files (x86)\Microsoft SDKs\Windows\v7.0A\bin\rc.exe /nologo /fo"Debug\Practice.exe.embed.manifest.res" Debug\Practice_manifest.rc 
       LinkEmbedManifest:
         E:\taha\VC\bin\link.exe /ERRORREPORT:PROMPT /OUT:"E:\taha work\OOP Labs\OOP new work\practice\Practice\Debug\Practice.exe" /INCREMENTAL /NOLOGO kernel32.lib user32.lib gdi32.lib winspool.lib comdlg32.lib advapi32.lib shell32.lib ole32.lib oleaut32.lib uuid.lib odbc32.lib odbccp32.lib /MANIFEST /ManifestFile:"Debug\Practice.exe.intermediate.manifest" /MANIFESTUAC:"level='asInvoker' uiAccess='false'" /DEBUG /PDB:"E:\taha work\OOP Labs\OOP new work\practice\Practice\Debug\Practice.pdb" /SUBSYSTEM:CONSOLE /TLBID:1 /DYNAMICBASE /NXCOMPAT /IMPLIB:"E:\taha work\OOP Labs\OOP new work\practice\Practice\Debug\Practice.lib" /MACHINE:X86 Debug\Practice.exe.embed.manifest.res
         Debug\Practice.obj
         Debug\stdafx.obj
         Practice.vcxproj -> E:\taha work\OOP Labs\OOP new work\practice\Practice\Debug\Practice.exe
       FinalizeBuildStatus:
         Deleting file "Debug\Practice.unsuccessfulbuild".
         Touching "Debug\Practice.lastbuildstate".
     1>Done Building Project "E:\taha work\OOP Labs\OOP new work\practice\Practice\Practice\Practice.vcxproj" (build target(s)).

Build succeeded.

Time Elapsed 00:00:04.83
