Build started 5/8/2018 1:10:08 PM.
     1>Project "C:\taha work\OOP Labs\OOP new work\practice\student grade\student grade\student grade.vcxproj" on node 2 (build target(s)).
     1>InitializeBuildStatus:
         Creating "Debug\student grade.unsuccessfulbuild" because "AlwaysCreate" was specified.
       ClCompile:
         C:\Program Files (x86)\Microsoft Visual Studio 10.0\VC\bin\CL.exe /c /ZI /nologo /W3 /WX- /Od /Oy- /D WIN32 /D _DEBUG /D _CONSOLE /D _UNICODE /D UNICODE /Gm /EHsc /RTC1 /MDd /GS /fp:precise /Zc:wchar_t /Zc:forScope /Yc"StdAfx.h" /Fp"Debug\student grade.pch" /Fo"Debug\\" /Fd"Debug\vc100.pdb" /Gd /TP /analyze- /errorReport:prompt stdafx.cpp
         stdafx.cpp
         C:\Program Files (x86)\Microsoft Visual Studio 10.0\VC\bin\CL.exe /c /ZI /nologo /W3 /WX- /Od /Oy- /D WIN32 /D _DEBUG /D _CONSOLE /D _UNICODE /D UNICODE /Gm /EHsc /RTC1 /MDd /GS /fp:precise /Zc:wchar_t /Zc:forScope /Yu"StdAfx.h" /Fp"Debug\student grade.pch" /Fo"Debug\\" /Fd"Debug\vc100.pdb" /Gd /TP /analyze- /errorReport:prompt "student grade.cpp"
         student grade.cpp
       ManifestResourceCompile:
         C:\Program Files (x86)\Microsoft SDKs\Windows\v7.0A\bin\rc.exe /nologo /fo"Debug\student grade.exe.embed.manifest.res" "Debug\student grade_manifest.rc" 
       Link:
         C:\Program Files (x86)\Microsoft Visual Studio 10.0\VC\bin\link.exe /ERRORREPORT:PROMPT /OUT:"C:\taha work\OOP Labs\OOP new work\practice\student grade\Debug\student grade.exe" /INCREMENTAL /NOLOGO kernel32.lib user32.lib gdi32.lib winspool.lib comdlg32.lib advapi32.lib shell32.lib ole32.lib oleaut32.lib uuid.lib odbc32.lib odbccp32.lib /MANIFEST /ManifestFile:"Debug\student grade.exe.intermediate.manifest" /MANIFESTUAC:"level='asInvoker' uiAccess='false'" /DEBUG /PDB:"C:\taha work\OOP Labs\OOP new work\practice\student grade\Debug\student grade.pdb" /SUBSYSTEM:CONSOLE /TLBID:1 /DYNAMICBASE /NXCOMPAT /IMPLIB:"C:\taha work\OOP Labs\OOP new work\practice\student grade\Debug\student grade.lib" /MACHINE:X86 "Debug\student grade.exe.embed.manifest.res"
         Debug\stdafx.obj
         "Debug\student grade.obj"
         LINK : C:\taha work\OOP Labs\OOP new work\practice\student grade\Debug\student grade.exe not found or not built by the last incremental link; performing full link
       Manifest:
         C:\Program Files (x86)\Microsoft SDKs\Windows\v7.0A\bin\mt.exe /nologo /verbose /out:"Debug\student grade.exe.embed.manifest" /manifest "Debug\student grade.exe.intermediate.manifest"
         All outputs are up-to-date.
       LinkEmbedManifest:
         All outputs are up-to-date.
         student grade.vcxproj -> C:\taha work\OOP Labs\OOP new work\practice\student grade\Debug\student grade.exe
       FinalizeBuildStatus:
         Deleting file "Debug\student grade.unsuccessfulbuild".
         Touching "Debug\student grade.lastbuildstate".
     1>Done Building Project "C:\taha work\OOP Labs\OOP new work\practice\student grade\student grade\student grade.vcxproj" (build target(s)).

Build succeeded.

Time Elapsed 00:00:02.16
