Build started 4/25/2018 7:01:07 AM.
     1>Project "E:\taha work\OOP Labs\OOP new work\practice\car\car\car.vcxproj" on node 2 (build target(s)).
     1>InitializeBuildStatus:
         Touching "Debug\car.unsuccessfulbuild".
       ClCompile:
         All outputs are up-to-date.
         E:\taha\VC\bin\CL.exe /c /ZI /nologo /W3 /WX- /Od /Oy- /D WIN32 /D _DEBUG /D _CONSOLE /D _UNICODE /D UNICODE /Gm /EHsc /RTC1 /MDd /GS /fp:precise /Zc:wchar_t /Zc:forScope /Yu"StdAfx.h" /Fp"Debug\car.pch" /Fo"Debug\\" /Fd"Debug\vc100.pdb" /Gd /TP /analyze- /errorReport:prompt car.cpp
         car.cpp
       ManifestResourceCompile:
         C:\Program Files (x86)\Microsoft SDKs\Windows\v7.0A\bin\rc.exe /nologo /fo"Debug\car.exe.embed.manifest.res" Debug\car_manifest.rc 
       Link:
         E:\taha\VC\bin\link.exe /ERRORREPORT:PROMPT /OUT:"E:\taha work\OOP Labs\OOP new work\practice\car\Debug\car.exe" /INCREMENTAL /NOLOGO kernel32.lib user32.lib gdi32.lib winspool.lib comdlg32.lib advapi32.lib shell32.lib ole32.lib oleaut32.lib uuid.lib odbc32.lib odbccp32.lib /MANIFEST /ManifestFile:"Debug\car.exe.intermediate.manifest" /MANIFESTUAC:"level='asInvoker' uiAccess='false'" /DEBUG /PDB:"E:\taha work\OOP Labs\OOP new work\practice\car\Debug\car.pdb" /SUBSYSTEM:CONSOLE /TLBID:1 /DYNAMICBASE /NXCOMPAT /IMPLIB:"E:\taha work\OOP Labs\OOP new work\practice\car\Debug\car.lib" /MACHINE:X86 Debug\car.exe.embed.manifest.res
         Debug\car.obj
         Debug\stdafx.obj
         LINK : E:\taha work\OOP Labs\OOP new work\practice\car\Debug\car.exe not found or not built by the last incremental link; performing full link
       Manifest:
         C:\Program Files (x86)\Microsoft SDKs\Windows\v7.0A\bin\mt.exe /nologo /verbose /out:"Debug\car.exe.embed.manifest" /manifest Debug\car.exe.intermediate.manifest
         All outputs are up-to-date.
       LinkEmbedManifest:
         All outputs are up-to-date.
         car.vcxproj -> E:\taha work\OOP Labs\OOP new work\practice\car\Debug\car.exe
       FinalizeBuildStatus:
         Deleting file "Debug\car.unsuccessfulbuild".
         Touching "Debug\car.lastbuildstate".
     1>Done Building Project "E:\taha work\OOP Labs\OOP new work\practice\car\car\car.vcxproj" (build target(s)).

Build succeeded.

Time Elapsed 00:00:07.61
